        -:    0:Source:../src/gpio.c
        -:    0:Graph:test_gpio-test_gpio.gcno
        -:    0:Data:test_gpio-test_gpio.gcda
        -:    0:Runs:1
        -:    1:
        -:    2:#ifdef TEST
        -:    3:#include "mock_hal.h"
        -:    4:#else
        -:    5:#include "stm32g0xx_hal.h"
        -:    6:#endif
        -:    7:
        3:    8:void MX_GPIO_Init(void)
        -:    9:{
        3:   10:    GPIO_InitTypeDef GPIO_InitStruct = {0};
        -:   11:
        -:   12:    /* LED (PC0) */
        -:   13:    __HAL_RCC_GPIOC_CLK_ENABLE();
        3:   14:    GPIO_InitStruct.Pin = GPIO_PIN_0;
        -:   15:
        3:   16:    GPIO_InitStruct.Mode = GPIO_MODE_OUTPUT_PP;
        3:   17:    GPIO_InitStruct.Pull = GPIO_NOPULL;
        3:   18:    GPIO_InitStruct.Speed = GPIO_SPEED_FREQ_LOW;
        -:   19:
        3:   20:    HAL_GPIO_Init(GPIOC, &GPIO_InitStruct);
        -:   21:
        -:   22:    /* Enable NVIC if EXTI is configured */
        -:   23:    /* BUTTON (PC13) */
        -:   24:    __HAL_RCC_GPIOC_CLK_ENABLE();
        3:   25:    GPIO_InitStruct.Pin = GPIO_PIN_13;
        -:   26:
        3:   27:    GPIO_InitStruct.Mode = GPIO_MODE_IT_FALLING;
        3:   28:    GPIO_InitStruct.Pull = GPIO_PULLUP;
        -:   29:
        3:   30:    HAL_GPIO_Init(GPIOC, &GPIO_InitStruct);
        -:   31:
        -:   32:    /* Enable NVIC if EXTI is configured */
        3:   33:    HAL_NVIC_EnableIRQ(EXTI4_15_IRQn);
        3:   34:}
