        -:    0:Source:test_rtc.c
        -:    0:Graph:test_rtc-test_rtc.gcno
        -:    0:Data:test_rtc-test_rtc.gcda
        -:    0:Runs:1
        -:    1:#include "unity.h"
        -:    2:#include "mock_hal.h"
        -:    3:#include <string.h>
        -:    4:
        -:    5:/* Provide event_queue symbol used by drv_rtc.c callbacks */
        -:    6:QueueHandle_t event_queue = NULL;
        -:    7:
        -:    8:/* Include the RTC driver source directly */
        -:    9:#include "../src/drivers/drv_rtc.c"
        -:   10:
        3:   11:void setUp(void) {
        3:   12:    mock_HAL_RTC_Init_reset();
        3:   13:}
        -:   14:
        3:   15:void tearDown(void) {}
        -:   16:
        1:   17:void test_RTC_Init_should_call_HAL_RTC_Init(void) {
        1:   18:    RTC_Init();
       1*:   19:    TEST_ASSERT_TRUE(mock_HAL_RTC_Init_called());
        1:   20:}
        -:   21:
        1:   22:void test_RTC_TimerCreate_should_return_non_null(void) {
        1:   23:    rtc_timer_handle_t t = RTC_TimerCreate(1000, RTC_TIMER_MODE_ONE_SHOT, NULL, NULL);
       1*:   24:    TEST_ASSERT_NOT_NULL(t);
        1:   25:    RTC_TimerDelete(t);
        1:   26:}
        -:   27:
        1:   28:void test_RTC_TimerStart_should_not_crash(void) {
        1:   29:    rtc_timer_handle_t t = RTC_TimerCreate(500, RTC_TIMER_MODE_PERIODIC, NULL, NULL);
        1:   30:    RTC_TimerStart(t);
        1:   31:    RTC_TimerDelete(t);
        1:   32:}
        -:   33:
        1:   34:int main(void) {
        1:   35:    UNITY_BEGIN();
        1:   36:    RUN_TEST(test_RTC_Init_should_call_HAL_RTC_Init);
        1:   37:    RUN_TEST(test_RTC_TimerCreate_should_return_non_null);
        1:   38:    RUN_TEST(test_RTC_TimerStart_should_not_crash);
        1:   39:    return UNITY_END();
        -:   40:}
