        -:    0:Source:test_statemachine.c
        -:    0:Graph:test_statemachine-test_statemachine.gcno
        -:    0:Data:test_statemachine-test_statemachine.gcda
        -:    0:Runs:1
        -:    1:#include "unity.h"
        -:    2:#include "mock_hal.h"
        -:    3:#include <string.h>
        -:    4:
        -:    5:/* 测试桩 */
        -:    6:typedef void * rtc_timer_handle_t;
        -:    7:typedef void (*rtc_timer_cb_t)(void *arg);
        -:    8:#define RTC_TIMER_MODE_ONE_SHOT     0
        -:    9:#define RTC_TIMER_MODE_PERIODIC     1
        -:   10:
       14:   11:rtc_timer_handle_t RTC_TimerCreate(uint32_t period_ms, uint8_t mode, rtc_timer_cb_t callback, void *arg) {
        -:   12:    (void)period_ms; (void)mode; (void)callback; (void)arg;
       14:   13:    return (rtc_timer_handle_t)1;
        -:   14:}
       14:   15:void RTC_TimerStart(rtc_timer_handle_t handle) { (void)handle; }
       10:   16:void RTC_TimerStop(rtc_timer_handle_t handle) { (void)handle; }
    #####:   17:void RTC_TimerDelete(rtc_timer_handle_t handle) { (void)handle; }
    #####:   18:void RTC_ProcessTimers(void) {}
        -:   19:
        -:   20:#include "../src/statemachine.c"
        -:   21:
        -:   22:static int led_notify_count = 0;
       15:   23:void led_task_notify(void) {
       15:   24:    led_notify_count++;
       15:   25:}
        -:   26:
        4:   27:void setUp(void) {
        4:   28:    led_notify_count = 0;
        4:   29:    statemachine_init();
        -:   30:    /* 初始化过程会执行 IDLE 的 on_entry，导致一次 LED 通知 */
        4:   31:}
        -:   32:
        4:   33:void tearDown(void) {}
        -:   34:
        -:   35:/* 初始状态 IDLE，初始化时已执行 on_entry，LED 计数应为 1 */
        1:   36:void test_initial_state_is_IDLE(void) {
        1:   37:    TEST_ASSERT_EQUAL(1, led_notify_count);
        1:   38:}
        -:   39:
        -:   40:/* IDLE -> ACTIVE: 离开 IDLE 触发 on_exit (toggle_led) 一次，ACTIVE on_entry 无 toggle_led，所以额外加 1 */
        1:   41:void test_IDLE_plus_BUTTON_PRESS_transitions_to_ACTIVE_and_toggles_led(void) {
        1:   42:    event_t evt = { .id = EVENT_BUTTON_PRESS };
        1:   43:    statemachine_process(&evt);
        1:   44:    TEST_ASSERT_EQUAL(2, led_notify_count);  // 初始 1 + 离开 IDLE on_exit 1 = 2
        1:   45:}
        -:   46:
        -:   47:/* ACTIVE -> IDLE: ACTIVE on_exit (stop_timer, 不影响), IDLE on_entry (toggle_led) 一次，所以 LED 再加 1 */
        1:   48:void test_ACTIVE_plus_RTC_TICK_transitions_to_IDLE(void) {
        1:   49:    event_t evt1 = { .id = EVENT_BUTTON_PRESS };
        1:   50:    statemachine_process(&evt1);  // 进入 ACTIVE，LED 变为 2
        1:   51:    led_notify_count = 0;   /* 清零 */
        1:   52:    event_t evt2 = { .id = EVENT_RTC_TICK };
        1:   53:    statemachine_process(&evt2);  // 返回 IDLE，IDLE on_entry 触发一次 toggle_led
        1:   54:    TEST_ASSERT_EQUAL(1, led_notify_count);  // 只有一次 on_entry
        1:   55:}
        -:   56:
        -:   57:/* 四次按键循环，每次循环：进入 ACTIVE (IDLE on_exit 1) + 返回 IDLE (IDLE on_entry 1) = 2 次 LED。
        -:   58:   四次循环共 8 次，加上初始化 on_entry 1 次，总共 9 次？但注意每次循环结束后状态回到 IDLE，
        -:   59:   下次循环开始时已经在 IDLE，不会再执行 on_entry。实际上测试循环中：
        -:   60:   for i=0..3:
        -:   61:     statemachine_process(&press)  // 离开 IDLE -> on_exit 1 次
        -:   62:     statemachine_process(&tick)   // 回到 IDLE -> on_entry 1 次
        -:   63:   所以每次循环 2 次，4 次循环 8 次。加上初始化 on_entry 1 次，共计 9 次。
        -:   64:   第四次按键后（i=3），press 进入 RESET，RESET 没有 on_exit/on_entry 的 LED 动作，但 press 事件本身不产生 LED，而 tick 回到 IDLE 触发 on_entry 1 次。所以 9 次。 */
        1:   65:void test_press_count_initial_zero(void) {
        1:   66:    event_t press = { .id = EVENT_BUTTON_PRESS };
        5:   67:    for (int i = 0; i < 4; i++) {
        4:   68:        press.id = EVENT_BUTTON_PRESS;
        4:   69:        statemachine_process(&press);
        4:   70:        event_t tick = { .id = EVENT_RTC_TICK };
        4:   71:        statemachine_process(&tick);
        -:   72:    }
        1:   73:    TEST_ASSERT_EQUAL(9, led_notify_count);
        1:   74:}
        -:   75:
        1:   76:int main(void) {
        1:   77:    UNITY_BEGIN();
        1:   78:    RUN_TEST(test_initial_state_is_IDLE);
        1:   79:    RUN_TEST(test_IDLE_plus_BUTTON_PRESS_transitions_to_ACTIVE_and_toggles_led);
        1:   80:    RUN_TEST(test_ACTIVE_plus_RTC_TICK_transitions_to_IDLE);
        1:   81:    RUN_TEST(test_press_count_initial_zero);
        1:   82:    return UNITY_END();
        -:   83:}
