        -:    0:Source:test_event_mgr.c
        -:    0:Graph:test_event_mgr-test_event_mgr.gcno
        -:    0:Data:test_event_mgr-test_event_mgr.gcda
        -:    0:Runs:1
        -:    1:#include "unity.h"
        -:    2:#include "mock_hal.h"
        -:    3:#include <string.h>
        -:    4:
        -:    5:#include "../src/event_mgr.c"
        -:    6:
        3:    7:void setUp(void) {}
        3:    8:void tearDown(void) {}
        -:    9:
        1:   10:void test_EventMgr_Init_should_create_queue(void) {
        1:   11:    EventMgr_Init();
       1*:   12:    TEST_ASSERT_NOT_NULL(event_queue);
        1:   13:}
        -:   14:
        1:   15:void test_EventMgr_should_receive_sent_event(void) {
        1:   16:    EventMgr_Init();
        1:   17:    event_t evt = { .id = EVENT_BUTTON_PRESS, .param = 0 };
        1:   18:    BaseType_t ret = xQueueSend(event_queue, &evt, 0);
        1:   19:    TEST_ASSERT_EQUAL(pdPASS, ret);
        1:   20:}
        -:   21:
        1:   22:void test_EventMgr_should_dispatch_button_event(void)
        -:   23:{
        1:   24:    EventMgr_Init();
        1:   25:    event_t evt = { .id = EVENT_BUTTON_PRESS, .param = 0 };
        1:   26:    xQueueSend(event_queue, &evt, 0);
        -:   27:    /* 由于我们无法直接验证任务内部回调，但可以验证队列非空 */
        -:   28:    /* 这里简单确保发送成功 */
        1:   29:    TEST_ASSERT_EQUAL(pdPASS, xQueueSend(event_queue, &evt, 0));
        1:   30:}
        -:   31:
        1:   32:int main(void) {
        1:   33:    UNITY_BEGIN();
        1:   34:    RUN_TEST(test_EventMgr_Init_should_create_queue);
        1:   35:    RUN_TEST(test_EventMgr_should_receive_sent_event);
        1:   36:    RUN_TEST(test_EventMgr_should_dispatch_button_event);
        1:   37:    return UNITY_END();
        -:   38:}
