        -:    0:Source:unity/unity.c
        -:    0:Graph:test_statemachine-unity.gcno
        -:    0:Data:test_statemachine-unity.gcda
        -:    0:Runs:1
        -:    1:/* =========================================================================
        -:    2:    Unity - A Test Framework for C
        -:    3:    ThrowTheSwitch.org
        -:    4:    Copyright (c) 2007-26 Mike Karlesky, Mark VanderVoord, & Greg Williams
        -:    5:    SPDX-License-Identifier: MIT
        -:    6:========================================================================= */
        -:    7:
        -:    8:#include "unity.h"
        -:    9:
        -:   10:#ifndef UNITY_PROGMEM
        -:   11:#define UNITY_PROGMEM
        -:   12:#endif
        -:   13:
        -:   14:/* If omitted from header, declare overrideable prototypes here so they're ready for use */
        -:   15:#ifdef UNITY_OMIT_OUTPUT_CHAR_HEADER_DECLARATION
        -:   16:void UNITY_OUTPUT_CHAR(int);
        -:   17:#endif
        -:   18:
        -:   19:/* Helpful macros for us to use here in Assert functions */
        -:   20:#define UNITY_FAIL_AND_BAIL         do { Unity.CurrentTestFailed  = 1; UNITY_OUTPUT_FLUSH(); TEST_ABORT(); } while (0)
        -:   21:#define UNITY_IGNORE_AND_BAIL       do { Unity.CurrentTestIgnored = 1; UNITY_OUTPUT_FLUSH(); TEST_ABORT(); } while (0)
        -:   22:#define RETURN_IF_FAIL_OR_IGNORE    do { if (Unity.CurrentTestFailed || Unity.CurrentTestIgnored) { TEST_ABORT(); } } while (0)
        -:   23:
        -:   24:struct UNITY_STORAGE_T Unity;
        -:   25:
        -:   26:#ifdef UNITY_OUTPUT_COLOR
        -:   27:const char UNITY_PROGMEM UnityStrOk[]                            = "\033[42mOK\033[0m";
        -:   28:const char UNITY_PROGMEM UnityStrPass[]                          = "\033[42mPASS\033[0m";
        -:   29:const char UNITY_PROGMEM UnityStrFail[]                          = "\033[41mFAIL\033[0m";
        -:   30:const char UNITY_PROGMEM UnityStrIgnore[]                        = "\033[43mIGNORE\033[0m";
        -:   31:#else
        -:   32:const char UNITY_PROGMEM UnityStrOk[]                            = "OK";
        -:   33:const char UNITY_PROGMEM UnityStrPass[]                          = "PASS";
        -:   34:const char UNITY_PROGMEM UnityStrFail[]                          = "FAIL";
        -:   35:const char UNITY_PROGMEM UnityStrIgnore[]                        = "IGNORE";
        -:   36:#endif
        -:   37:static const char UNITY_PROGMEM UnityStrNull[]                   = "NULL";
        -:   38:static const char UNITY_PROGMEM UnityStrSpacer[]                 = UNITY_FAILURE_DETAIL_SEPARATOR;
        -:   39:static const char UNITY_PROGMEM UnityStrExpected[]               = " Expected ";
        -:   40:static const char UNITY_PROGMEM UnityStrWas[]                    = " Was ";
        -:   41:static const char UNITY_PROGMEM UnityStrGt[]                     = " to be greater than ";
        -:   42:static const char UNITY_PROGMEM UnityStrLt[]                     = " to be less than ";
        -:   43:static const char UNITY_PROGMEM UnityStrOrEqual[]                = "or equal to ";
        -:   44:static const char UNITY_PROGMEM UnityStrNotEqual[]               = " to be not equal to ";
        -:   45:static const char UNITY_PROGMEM UnityStrElement[]                = " Element ";
        -:   46:static const char UNITY_PROGMEM UnityStrByte[]                   = " Byte ";
        -:   47:static const char UNITY_PROGMEM UnityStrCharacter[]              = " Character ";
        -:   48:static const char UNITY_PROGMEM UnityStrMemory[]                 = " Memory Mismatch.";
        -:   49:static const char UNITY_PROGMEM UnityStrDelta[]                  = " Values Not Within Delta ";
        -:   50:static const char UNITY_PROGMEM UnityStrPointless[]              = " You Asked Me To Compare Nothing, Which Was Pointless.";
        -:   51:static const char UNITY_PROGMEM UnityStrNullPointerForExpected[] = " Expected pointer to be NULL";
        -:   52:static const char UNITY_PROGMEM UnityStrNullPointerForActual[]   = " Actual pointer was NULL";
        -:   53:#ifndef UNITY_EXCLUDE_FLOAT
        -:   54:static const char UNITY_PROGMEM UnityStrNot[]                    = "Not ";
        -:   55:static const char UNITY_PROGMEM UnityStrInf[]                    = "Infinity";
        -:   56:static const char UNITY_PROGMEM UnityStrNegInf[]                 = "Negative Infinity";
        -:   57:static const char UNITY_PROGMEM UnityStrNaN[]                    = "NaN";
        -:   58:static const char UNITY_PROGMEM UnityStrDet[]                    = "Determinate";
        -:   59:static const char UNITY_PROGMEM UnityStrInvalidFloatTrait[]      = "Invalid Float Trait";
        -:   60:#endif
        -:   61:const char UNITY_PROGMEM UnityStrErrShorthand[]                  = "Unity Shorthand Support Disabled";
        -:   62:const char UNITY_PROGMEM UnityStrErrFloat[]                      = "Unity Floating Point Disabled";
        -:   63:const char UNITY_PROGMEM UnityStrErrDouble[]                     = "Unity Double Precision Disabled";
        -:   64:const char UNITY_PROGMEM UnityStrErr64[]                         = "Unity 64-bit Support Disabled";
        -:   65:const char UNITY_PROGMEM UnityStrErrDetailStack[]                = "Unity Detail Stack Support Disabled";
        -:   66:static const char UNITY_PROGMEM UnityStrBreaker[]                = "-----------------------";
        -:   67:static const char UNITY_PROGMEM UnityStrResultsTests[]           = " Tests ";
        -:   68:static const char UNITY_PROGMEM UnityStrResultsFailures[]        = " Failures ";
        -:   69:static const char UNITY_PROGMEM UnityStrResultsIgnored[]         = " Ignored ";
        -:   70:#ifndef UNITY_EXCLUDE_DETAILS
        -:   71:#ifdef UNITY_DETAIL_STACK_SIZE
        -:   72:static const char* UNITY_PROGMEM UnityStrDetailLabels[] = UNITY_DETAIL_LABEL_NAMES;
        -:   73:static const UNITY_COUNTER_TYPE UNITY_PROGMEM UnityStrDetailLabelsCount = sizeof(UnityStrDetailLabels) / sizeof(const char*);
        -:   74:static const char UNITY_PROGMEM UnityStrErrDetailStackEmpty[]           = " Detail Stack Empty";
        -:   75:static const char UNITY_PROGMEM UnityStrErrDetailStackFull[]            = " Detail Stack Full";
        -:   76:static const char UNITY_PROGMEM UnityStrErrDetailStackLabel[]           = " Detail Label Outside Of UNITY_DETAIL_LABEL_NAMES: ";
        -:   77:static const char UNITY_PROGMEM UnityStrErrDetailStackPop[]             = " Detail Pop With Unexpected Arguments";
        -:   78:#else
        -:   79:static const char UNITY_PROGMEM UnityStrDetail1Name[]            = UNITY_DETAIL1_NAME " ";
        -:   80:static const char UNITY_PROGMEM UnityStrDetail2Name[]            = " " UNITY_DETAIL2_NAME " ";
        -:   81:#endif
        -:   82:#endif
        -:   83:/*-----------------------------------------------
        -:   84: * Pretty Printers & Test Result Output Handlers
        -:   85: *-----------------------------------------------*/
        -:   86:
        -:   87:/*-----------------------------------------------*/
        -:   88:/* Local helper function to print characters. */
      308:   89:static void UnityPrintChar(const char* pch)
        -:   90:{
        -:   91:    /* printable characters plus CR & LF are printed */
      308:   92:    if ((*pch <= 126) && (*pch >= 32))
        -:   93:    {
      308:   94:        UNITY_OUTPUT_CHAR(*pch);
        -:   95:    }
        -:   96:    /* write escaped carriage returns */
    #####:   97:    else if (*pch == 13)
        -:   98:    {
    #####:   99:        UNITY_OUTPUT_CHAR('\\');
    #####:  100:        UNITY_OUTPUT_CHAR('r');
        -:  101:    }
        -:  102:    /* write escaped line feeds */
    #####:  103:    else if (*pch == 10)
        -:  104:    {
    #####:  105:        UNITY_OUTPUT_CHAR('\\');
    #####:  106:        UNITY_OUTPUT_CHAR('n');
        -:  107:    }
        -:  108:    /* unprintable characters are shown as codes */
        -:  109:    else
        -:  110:    {
    #####:  111:        UNITY_OUTPUT_CHAR('\\');
    #####:  112:        UNITY_OUTPUT_CHAR('x');
    #####:  113:        UnityPrintNumberHex((UNITY_UINT)*pch, 2);
        -:  114:    }
      308:  115:}
        -:  116:
        -:  117:/*-----------------------------------------------*/
        -:  118:/* Local helper function to print ANSI escape strings e.g. "\033[42m". */
        -:  119:#ifdef UNITY_OUTPUT_COLOR
        -:  120:static UNITY_UINT UnityPrintAnsiEscapeString(const char* string)
        -:  121:{
        -:  122:    const char* pch = string;
        -:  123:    UNITY_UINT count = 0;
        -:  124:
        -:  125:    while (*pch && (*pch != 'm'))
        -:  126:    {
        -:  127:        UNITY_OUTPUT_CHAR(*pch);
        -:  128:        pch++;
        -:  129:        count++;
        -:  130:    }
        -:  131:    UNITY_OUTPUT_CHAR('m');
        -:  132:    count++;
        -:  133:
        -:  134:    return count;
        -:  135:}
        -:  136:#endif
        -:  137:
        -:  138:/*-----------------------------------------------*/
       17:  139:void UnityPrint(const char* string)
        -:  140:{
       17:  141:    const char* pch = string;
        -:  142:
       17:  143:    if (pch != NULL)
        -:  144:    {
      325:  145:        while (*pch)
        -:  146:        {
        -:  147:#ifdef UNITY_OUTPUT_COLOR
        -:  148:            /* print ANSI escape code */
        -:  149:            if ((*pch == 27) && (*(pch + 1) == '['))
        -:  150:            {
        -:  151:                pch += UnityPrintAnsiEscapeString(pch);
        -:  152:                continue;
        -:  153:            }
        -:  154:#endif
      308:  155:            UnityPrintChar(pch);
      308:  156:            pch++;
        -:  157:        }
        -:  158:    }
       17:  159:}
        -:  160:/*-----------------------------------------------*/
    #####:  161:void UnityPrintLen(const char* string, const UNITY_UINT32 length)
        -:  162:{
    #####:  163:    const char* pch = string;
        -:  164:
    #####:  165:    if (pch != NULL)
        -:  166:    {
    #####:  167:        while (*pch && ((UNITY_UINT32)(pch - string) < length))
        -:  168:        {
        -:  169:            /* printable characters plus CR & LF are printed */
    #####:  170:            if ((*pch <= 126) && (*pch >= 32))
        -:  171:            {
    #####:  172:                UNITY_OUTPUT_CHAR(*pch);
        -:  173:            }
        -:  174:            /* write escaped carriage returns */
    #####:  175:            else if (*pch == 13)
        -:  176:            {
    #####:  177:                UNITY_OUTPUT_CHAR('\\');
    #####:  178:                UNITY_OUTPUT_CHAR('r');
        -:  179:            }
        -:  180:            /* write escaped line feeds */
    #####:  181:            else if (*pch == 10)
        -:  182:            {
    #####:  183:                UNITY_OUTPUT_CHAR('\\');
    #####:  184:                UNITY_OUTPUT_CHAR('n');
        -:  185:            }
        -:  186:            /* unprintable characters are shown as codes */
        -:  187:            else
        -:  188:            {
    #####:  189:                UNITY_OUTPUT_CHAR('\\');
    #####:  190:                UNITY_OUTPUT_CHAR('x');
    #####:  191:                UnityPrintNumberHex((UNITY_UINT)*pch, 2);
        -:  192:            }
    #####:  193:            pch++;
        -:  194:        }
        -:  195:    }
    #####:  196:}
        -:  197:
        -:  198:/*-----------------------------------------------*/
    #####:  199:void UnityPrintIntNumberByStyle(const UNITY_INT number, const UNITY_DISPLAY_STYLE_T style)
        -:  200:{
    #####:  201:    if (style == UNITY_DISPLAY_STYLE_CHAR)
        -:  202:    {
        -:  203:        /* printable characters plus CR & LF are printed */
    #####:  204:        UNITY_OUTPUT_CHAR('\'');
    #####:  205:        if ((number <= 126) && (number >= 32))
        -:  206:        {
    #####:  207:            UNITY_OUTPUT_CHAR((int)number);
        -:  208:        }
        -:  209:        /* write escaped carriage returns */
    #####:  210:        else if (number == 13)
        -:  211:        {
    #####:  212:            UNITY_OUTPUT_CHAR('\\');
    #####:  213:            UNITY_OUTPUT_CHAR('r');
        -:  214:        }
        -:  215:        /* write escaped line feeds */
    #####:  216:        else if (number == 10)
        -:  217:        {
    #####:  218:            UNITY_OUTPUT_CHAR('\\');
    #####:  219:            UNITY_OUTPUT_CHAR('n');
        -:  220:        }
        -:  221:        /* unprintable characters are shown as codes */
        -:  222:        else
        -:  223:        {
    #####:  224:            UNITY_OUTPUT_CHAR('\\');
    #####:  225:            UNITY_OUTPUT_CHAR('x');
    #####:  226:            UnityPrintNumberHex((UNITY_UINT)number, 2);
        -:  227:        }
    #####:  228:        UNITY_OUTPUT_CHAR('\'');
        -:  229:    }
    #####:  230:    else if ((style & UNITY_DISPLAY_RANGE_INT) == UNITY_DISPLAY_RANGE_INT)
        -:  231:    {
    #####:  232:        UnityPrintNumber(number);
        -:  233:    }
    #####:  234:    else if ((style & UNITY_DISPLAY_RANGE_UINT) == UNITY_DISPLAY_RANGE_UINT)
        -:  235:    {
    #####:  236:        UnityPrintNumberUnsigned((UNITY_UINT)number);
        -:  237:    }
        -:  238:    else
        -:  239:    {
    #####:  240:        UNITY_OUTPUT_CHAR('0');
    #####:  241:        UNITY_OUTPUT_CHAR('x');
    #####:  242:        UnityPrintNumberHex((UNITY_UINT)number, (char)((style & 0xF) * 2));
        -:  243:    }
    #####:  244:}
        -:  245:
    #####:  246:void UnityPrintUintNumberByStyle(const UNITY_UINT number, const UNITY_DISPLAY_STYLE_T style)
        -:  247:{
    #####:  248:    if ((style & UNITY_DISPLAY_RANGE_UINT) == UNITY_DISPLAY_RANGE_UINT)
        -:  249:    {
    #####:  250:        UnityPrintNumberUnsigned(number);
        -:  251:    }
        -:  252:    else
        -:  253:    {
    #####:  254:        UNITY_OUTPUT_CHAR('0');
    #####:  255:        UNITY_OUTPUT_CHAR('x');
    #####:  256:        UnityPrintNumberHex((UNITY_UINT)number, (char)((style & 0xF) * 2));
        -:  257:    }
    #####:  258:}
        -:  259:
        -:  260:/*-----------------------------------------------*/
        7:  261:void UnityPrintNumber(const UNITY_INT number_to_print)
        -:  262:{
        7:  263:    UNITY_UINT number = (UNITY_UINT)number_to_print;
        -:  264:
        7:  265:    if (number_to_print < 0)
        -:  266:    {
        -:  267:        /* A negative number, including MIN negative */
    #####:  268:        UNITY_OUTPUT_CHAR('-');
    #####:  269:        number = (~number) + 1;
        -:  270:    }
        7:  271:    UnityPrintNumberUnsigned(number);
        7:  272:}
        -:  273:
        -:  274:/*-----------------------------------------------
        -:  275: * basically do an itoa using as little ram as possible */
        7:  276:void UnityPrintNumberUnsigned(const UNITY_UINT number)
        -:  277:{
        7:  278:    UNITY_UINT divisor = 1;
        -:  279:
        -:  280:    /* figure out initial divisor */
       11:  281:    while (number / divisor > 9)
        -:  282:    {
        4:  283:        divisor *= 10;
        -:  284:    }
        -:  285:
        -:  286:    /* now mod and print, then divide divisor */
        -:  287:    do
        -:  288:    {
       11:  289:        UNITY_OUTPUT_CHAR((char)('0' + (number / divisor % 10)));
       11:  290:        divisor /= 10;
       11:  291:    } while (divisor > 0);
        7:  292:}
        -:  293:
        -:  294:/*-----------------------------------------------*/
    #####:  295:void UnityPrintNumberHex(const UNITY_UINT number, const char nibbles_to_print)
        -:  296:{
        -:  297:    int nibble;
    #####:  298:    char nibbles = nibbles_to_print;
        -:  299:
    #####:  300:    if ((unsigned)nibbles > UNITY_MAX_NIBBLES)
        -:  301:    {
    #####:  302:        nibbles = UNITY_MAX_NIBBLES;
        -:  303:    }
        -:  304:
    #####:  305:    while (nibbles > 0)
        -:  306:    {
    #####:  307:        nibbles--;
    #####:  308:        nibble = (int)(number >> (nibbles * 4)) & 0x0F;
    #####:  309:        if (nibble <= 9)
        -:  310:        {
    #####:  311:            UNITY_OUTPUT_CHAR((char)('0' + nibble));
        -:  312:        }
        -:  313:        else
        -:  314:        {
    #####:  315:            UNITY_OUTPUT_CHAR((char)('A' - 10 + nibble));
        -:  316:        }
        -:  317:    }
    #####:  318:}
        -:  319:
        -:  320:/*-----------------------------------------------*/
    #####:  321:void UnityPrintMask(const UNITY_UINT mask, const UNITY_UINT number)
        -:  322:{
    #####:  323:    UNITY_UINT current_bit = (UNITY_UINT)1 << (UNITY_INT_WIDTH - 1);
        -:  324:    UNITY_INT32 i;
        -:  325:
    #####:  326:    for (i = 0; i < UNITY_INT_WIDTH; i++)
        -:  327:    {
    #####:  328:        if (current_bit & mask)
        -:  329:        {
    #####:  330:            if (current_bit & number)
        -:  331:            {
    #####:  332:                UNITY_OUTPUT_CHAR('1');
        -:  333:            }
        -:  334:            else
        -:  335:            {
    #####:  336:                UNITY_OUTPUT_CHAR('0');
        -:  337:            }
        -:  338:        }
        -:  339:        else
        -:  340:        {
    #####:  341:            UNITY_OUTPUT_CHAR('X');
        -:  342:        }
    #####:  343:        current_bit = current_bit >> 1;
        -:  344:    }
    #####:  345:}
        -:  346:
        -:  347:/*-----------------------------------------------*/
        -:  348:#ifndef UNITY_EXCLUDE_FLOAT_PRINT
        -:  349:/*
        -:  350: * This function prints a floating-point value in a format similar to
        -:  351: * printf("%.7g") on a single-precision machine or printf("%.9g") on a
        -:  352: * double-precision machine.  The 7th digit won't always be totally correct
        -:  353: * in single-precision operation (for that level of accuracy, a more
        -:  354: * complicated algorithm would be needed).
        -:  355: */
    #####:  356:void UnityPrintFloat(const UNITY_DOUBLE input_number)
        -:  357:{
        -:  358:#ifdef UNITY_INCLUDE_DOUBLE
        -:  359:    static const int sig_digits = 9;
        -:  360:    static const UNITY_INT32 min_scaled = 100000000;
        -:  361:    static const UNITY_INT32 max_scaled = 1000000000;
        -:  362:    static const UNITY_DOUBLE epsilon = UNITY_DOUBLE_PRECISION;
        -:  363:#else
        -:  364:    static const int sig_digits = 7;
        -:  365:    static const UNITY_INT32 min_scaled = 1000000;
        -:  366:    static const UNITY_INT32 max_scaled = 10000000;
        -:  367:    static const UNITY_DOUBLE epsilon = UNITY_FLOAT_PRECISION;
        -:  368:#endif
        -:  369:
    #####:  370:    UNITY_DOUBLE number = input_number;
        -:  371:
        -:  372:    /* handle zero, NaN, and +/- infinity */
    #####:  373:    if (UNITY_ABS(number) < epsilon)
        -:  374:    {
    #####:  375:        UnityPrint("0");
        -:  376:    }
    #####:  377:    else if (UNITY_IS_NAN(number))
        -:  378:    {
    #####:  379:        UnityPrint(UnityStrNaN);
        -:  380:    }
    #####:  381:    else if (UNITY_IS_INF(number))
        -:  382:    {
    #####:  383:        if (number < 0.0f) 
        -:  384:        {
    #####:  385:            UnityPrint(UnityStrNegInf);
        -:  386:        }
        -:  387:        else
        -:  388:        {
    #####:  389:            UnityPrint(UnityStrInf);
        -:  390:        }
        -:  391:    }
        -:  392:    else
        -:  393:    {
    #####:  394:        UNITY_INT32 n_int = 0;
        -:  395:        UNITY_INT32 n;
    #####:  396:        int         exponent = 0;
        -:  397:        int         decimals;
        -:  398:        int         digits;
    #####:  399:        char        buf[16] = {0};
        -:  400:
    #####:  401:        if (number < 0.0f)
        -:  402:        {
    #####:  403:            UNITY_OUTPUT_CHAR('-');
    #####:  404:            number = -number;
        -:  405:        }
        -:  406:        /*
        -:  407:         * Scale up or down by powers of 10.  To minimize rounding error,
        -:  408:         * start with a factor/divisor of 10^10, which is the largest
        -:  409:         * power of 10 that can be represented exactly.  Finally, compute
        -:  410:         * (exactly) the remaining power of 10 and perform one more
        -:  411:         * multiplication or division.
        -:  412:         */
    #####:  413:        if (number < 1.0f)
        -:  414:        {
    #####:  415:            UNITY_DOUBLE factor = 1.0f;
        -:  416:
    #####:  417:            while (number < (UNITY_DOUBLE)max_scaled / 1e10f)  { number *= 1e10f; exponent -= 10; }
    #####:  418:            while (number * factor < (UNITY_DOUBLE)min_scaled) { factor *= 10.0f; exponent--; }
        -:  419:
    #####:  420:            number *= factor;
        -:  421:        }
    #####:  422:        else if (number > (UNITY_DOUBLE)max_scaled)
        -:  423:        {
    #####:  424:            UNITY_DOUBLE divisor = 1.0f;
        -:  425:
    #####:  426:            while (number > (UNITY_DOUBLE)min_scaled * 1e10f)   { number  /= 1e10f; exponent += 10; }
    #####:  427:            while (number / divisor > (UNITY_DOUBLE)max_scaled) { divisor *= 10.0f; exponent++; }
        -:  428:
    #####:  429:            number /= divisor;
        -:  430:        }
        -:  431:        else
        -:  432:        {
        -:  433:            /*
        -:  434:             * In this range, we can split off the integer part before
        -:  435:             * doing any multiplications.  This reduces rounding error by
        -:  436:             * freeing up significant bits in the fractional part.
        -:  437:             */
    #####:  438:            UNITY_DOUBLE factor = 1.0f;
    #####:  439:            n_int = (UNITY_INT32)number;
    #####:  440:            number -= (UNITY_DOUBLE)n_int;
        -:  441:
    #####:  442:            while (n_int < min_scaled) { n_int *= 10; factor *= 10.0f; exponent--; }
        -:  443:
    #####:  444:            number *= factor;
        -:  445:        }
        -:  446:
        -:  447:        /* round to nearest integer */
        -:  448:        {
    #####:  449:            UNITY_DOUBLE two_number = number + number;
    #####:  450:            UNITY_INT32  two_n_trunc = (UNITY_INT32)two_number;
    #####:  451:            n = (two_n_trunc + 1) / 2;
        -:  452:
        -:  453:#ifndef UNITY_ROUND_TIES_AWAY_FROM_ZERO
        -:  454:            /* round to even if exactly between two integers */
    #####:  455:            if ((n & 1) && (two_n_trunc & 1) && !((UNITY_DOUBLE)two_n_trunc < two_number))
    #####:  456:                n--;
        -:  457:#endif
        -:  458:        }
        -:  459:
    #####:  460:        n += n_int;
        -:  461:
    #####:  462:        if (n >= max_scaled)
        -:  463:        {
    #####:  464:            n = min_scaled;
    #####:  465:            exponent++;
        -:  466:        }
        -:  467:
        -:  468:        /* determine where to place decimal point */
    #####:  469:        decimals = ((exponent <= 0) && (exponent >= -(sig_digits + 3))) ? (-exponent) : (sig_digits - 1);
    #####:  470:        exponent += decimals;
        -:  471:
        -:  472:        /* truncate trailing zeroes after decimal point */
    #####:  473:        while ((decimals > 0) && ((n % 10) == 0))
        -:  474:        {
    #####:  475:            n /= 10;
    #####:  476:            decimals--;
        -:  477:        }
        -:  478:
        -:  479:        /* build up buffer in reverse order */
    #####:  480:        digits = 0;
    #####:  481:        while ((n != 0) || (digits <= decimals))
        -:  482:        {
    #####:  483:            buf[digits++] = (char)('0' + n % 10);
    #####:  484:            n /= 10;
        -:  485:        }
        -:  486:
        -:  487:        /* print out buffer (backwards) */
    #####:  488:        while (digits > 0)
        -:  489:        {
    #####:  490:            if (digits == decimals)
        -:  491:            {
    #####:  492:                UNITY_OUTPUT_CHAR('.');
        -:  493:            }
    #####:  494:            UNITY_OUTPUT_CHAR(buf[--digits]);
        -:  495:        }
        -:  496:
        -:  497:        /* print exponent if needed */
    #####:  498:        if (exponent != 0)
        -:  499:        {
    #####:  500:            UNITY_OUTPUT_CHAR('e');
        -:  501:
    #####:  502:            if (exponent < 0)
        -:  503:            {
    #####:  504:                UNITY_OUTPUT_CHAR('-');
    #####:  505:                exponent = -exponent;
        -:  506:            }
        -:  507:            else
        -:  508:            {
    #####:  509:                UNITY_OUTPUT_CHAR('+');
        -:  510:            }
        -:  511:
    #####:  512:            digits = 0;
    #####:  513:            while ((exponent != 0) || (digits < 2))
        -:  514:            {
    #####:  515:                buf[digits++] = (char)('0' + exponent % 10);
    #####:  516:                exponent /= 10;
        -:  517:            }
    #####:  518:            while (digits > 0)
        -:  519:            {
    #####:  520:                UNITY_OUTPUT_CHAR(buf[--digits]);
        -:  521:            }
        -:  522:        }
        -:  523:    }
    #####:  524:}
        -:  525:#endif /* ! UNITY_EXCLUDE_FLOAT_PRINT */
        -:  526:
        -:  527:/*-----------------------------------------------*/
        4:  528:static void UnityTestResultsBegin(const char* file, const UNITY_LINE_TYPE line)
        -:  529:{
        -:  530:#ifdef UNITY_OUTPUT_FOR_ECLIPSE
        -:  531:    UNITY_OUTPUT_CHAR('(');
        -:  532:    UnityPrint(file);
        -:  533:    UNITY_OUTPUT_CHAR(':');
        -:  534:    UnityPrintNumber((UNITY_INT)line);
        -:  535:    UNITY_OUTPUT_CHAR(')');
        -:  536:    UNITY_OUTPUT_CHAR(' ');
        -:  537:    UnityPrint(Unity.CurrentTestName);
        -:  538:    UNITY_OUTPUT_CHAR(':');
        -:  539:#else
        -:  540:#ifdef UNITY_OUTPUT_FOR_IAR_WORKBENCH
        -:  541:    UnityPrint("<SRCREF line=");
        -:  542:    UnityPrintNumber((UNITY_INT)line);
        -:  543:    UnityPrint(" file=\"");
        -:  544:    UnityPrint(file);
        -:  545:    UNITY_OUTPUT_CHAR('"');
        -:  546:    UNITY_OUTPUT_CHAR('>');
        -:  547:    UnityPrint(Unity.CurrentTestName);
        -:  548:    UnityPrint("</SRCREF> ");
        -:  549:#else
        -:  550:#ifdef UNITY_OUTPUT_FOR_QT_CREATOR
        -:  551:    UnityPrint("file://");
        -:  552:    UnityPrint(file);
        -:  553:    UNITY_OUTPUT_CHAR(':');
        -:  554:    UnityPrintNumber((UNITY_INT)line);
        -:  555:    UNITY_OUTPUT_CHAR(' ');
        -:  556:    UnityPrint(Unity.CurrentTestName);
        -:  557:    UNITY_OUTPUT_CHAR(':');
        -:  558:#else
        4:  559:    UnityPrint(file);
        4:  560:    UNITY_OUTPUT_CHAR(':');
        4:  561:    UnityPrintNumber((UNITY_INT)line);
        4:  562:    UNITY_OUTPUT_CHAR(':');
        4:  563:    UnityPrint(Unity.CurrentTestName);
        4:  564:    UNITY_OUTPUT_CHAR(':');
        -:  565:#endif
        -:  566:#endif
        -:  567:#endif
        4:  568:}
        -:  569:
        -:  570:/*-----------------------------------------------*/
    #####:  571:static void UnityTestResultsFailBegin(const UNITY_LINE_TYPE line)
        -:  572:{
    #####:  573:    UnityTestResultsBegin(Unity.TestFile, line);
    #####:  574:    UnityPrint(UnityStrFail);
    #####:  575:    UNITY_OUTPUT_CHAR(':');
    #####:  576:}
        -:  577:
        -:  578:/*-----------------------------------------------*/
        4:  579:void UnityConcludeTest(void)
        -:  580:{
        4:  581:    if (Unity.CurrentTestIgnored)
        -:  582:    {
    #####:  583:        Unity.TestIgnores++;
        -:  584:    }
        4:  585:    else if (!Unity.CurrentTestFailed)
        -:  586:    {
        4:  587:        UnityTestResultsBegin(Unity.TestFile, Unity.CurrentTestLineNumber);
        4:  588:        UnityPrint(UnityStrPass);
        -:  589:    }
        -:  590:    else
        -:  591:    {
    #####:  592:        Unity.TestFailures++;
        -:  593:    }
        -:  594:
        4:  595:    Unity.CurrentTestFailed = 0;
        4:  596:    Unity.CurrentTestIgnored = 0;
        -:  597:    UNITY_PRINT_EXEC_TIME();
        4:  598:    UNITY_PRINT_EOL();
        -:  599:    UNITY_FLUSH_CALL();
        4:  600:}
        -:  601:
        -:  602:/*-----------------------------------------------*/
    #####:  603:static void UnityAddMsgIfSpecified(const char* msg)
        -:  604:{
        -:  605:#ifdef UNITY_PRINT_TEST_CONTEXT
        -:  606:    UnityPrint(UnityStrSpacer);
        -:  607:    UNITY_PRINT_TEST_CONTEXT();
        -:  608:#endif
        -:  609:#ifndef UNITY_EXCLUDE_DETAILS
        -:  610:#ifdef UNITY_DETAIL_STACK_SIZE
        -:  611:    {
        -:  612:        UNITY_COUNTER_TYPE c;
        -:  613:        for (c = 0; (c < Unity.CurrentDetailStackSize) && (c < UNITY_DETAIL_STACK_SIZE); c++) {
        -:  614:            const char* label;
        -:  615:            if ((Unity.CurrentDetailStackLabels[c] == UNITY_DETAIL_NONE) || (Unity.CurrentDetailStackLabels[c] > UnityStrDetailLabelsCount)) {
        -:  616:                break;
        -:  617:            }
        -:  618:            label = UnityStrDetailLabels[Unity.CurrentDetailStackLabels[c]];
        -:  619:            UnityPrint(UnityStrSpacer);
        -:  620:            if ((label[0] == '#') && (label[1] != 0)) {
        -:  621:                UnityPrint(label + 2);
        -:  622:                UNITY_OUTPUT_CHAR(' ');
        -:  623:                if ((label[1] & UNITY_DISPLAY_RANGE_INT) == UNITY_DISPLAY_RANGE_INT) {
        -:  624:                    UnityPrintIntNumberByStyle((UNITY_INT)Unity.CurrentDetailStackValues[c], label[1]);
        -:  625:                } else {
        -:  626:                    UnityPrintUintNumberByStyle((UNITY_UINT)Unity.CurrentDetailStackValues[c], label[1]);
        -:  627:                }
        -:  628:            } else if (Unity.CurrentDetailStackValues[c] != 0){
        -:  629:                UnityPrint(label);
        -:  630:                UNITY_OUTPUT_CHAR(' ');
        -:  631:                UnityPrint((const char*)Unity.CurrentDetailStackValues[c]);
        -:  632:            }
        -:  633:        }
        -:  634:    }
        -:  635:#else
    #####:  636:    if (Unity.CurrentDetail1)
        -:  637:    {
    #####:  638:        UnityPrint(UnityStrSpacer);
    #####:  639:        UnityPrint(UnityStrDetail1Name);
    #####:  640:        UnityPrint(Unity.CurrentDetail1);
    #####:  641:        if (Unity.CurrentDetail2)
        -:  642:        {
    #####:  643:            UnityPrint(UnityStrDetail2Name);
    #####:  644:            UnityPrint(Unity.CurrentDetail2);
        -:  645:        }
        -:  646:    }
        -:  647:#endif
        -:  648:#endif
    #####:  649:    if (msg)
        -:  650:    {
    #####:  651:        UnityPrint(UnityStrSpacer);
    #####:  652:        UnityPrint(msg);
        -:  653:    }
    #####:  654:}
        -:  655:
        -:  656:/*-----------------------------------------------*/
    #####:  657:static void UnityPrintFirstStringDifference(const char *expected, const char *actual, UNITY_UINT32 i_diff)
        -:  658:{
    #####:  659:    if ((expected != NULL) && (actual != NULL))
        -:  660:    {
    #####:  661:        UnityPrint(UnityStrCharacter);
    #####:  662:        UnityPrintNumberUnsigned(i_diff);
    #####:  663:        UnityPrint(UnityStrExpected);
    #####:  664:        UnityPrintIntNumberByStyle(expected[i_diff], UNITY_DISPLAY_STYLE_CHAR);
    #####:  665:        UnityPrint(UnityStrWas);
    #####:  666:        UnityPrintIntNumberByStyle(actual[i_diff], UNITY_DISPLAY_STYLE_CHAR);
        -:  667:    }
    #####:  668:}
        -:  669:
        -:  670:/*-----------------------------------------------*/
    #####:  671:static void UnityPrintExpectedAndActualStrings(const char* expected, const char* actual, UNITY_UINT32 i_diff)
        -:  672:{
    #####:  673:    UnityPrint(UnityStrExpected);
    #####:  674:    if (expected != NULL)
        -:  675:    {
    #####:  676:        UNITY_OUTPUT_CHAR('\'');
    #####:  677:        UnityPrint(expected);
    #####:  678:        UNITY_OUTPUT_CHAR('\'');
        -:  679:    }
        -:  680:    else
        -:  681:    {
    #####:  682:        UnityPrint(UnityStrNull);
        -:  683:    }
    #####:  684:    UnityPrint(UnityStrWas);
    #####:  685:    if (actual != NULL)
        -:  686:    {
    #####:  687:        UNITY_OUTPUT_CHAR('\'');
    #####:  688:        UnityPrint(actual);
    #####:  689:        UNITY_OUTPUT_CHAR('\'');
        -:  690:    }
        -:  691:    else
        -:  692:    {
    #####:  693:        UnityPrint(UnityStrNull);
        -:  694:    }
    #####:  695:    UnityPrintFirstStringDifference(expected, actual, i_diff);
    #####:  696:}
        -:  697:
        -:  698:/*-----------------------------------------------*/
    #####:  699:static void UnityPrintExpectedAndActualStringsLen(const char* expected,
        -:  700:                                                  const char* actual,
        -:  701:                                                  UNITY_UINT32 length,
        -:  702:                                                  UNITY_UINT32 i_diff)
        -:  703:{
    #####:  704:    UnityPrint(UnityStrExpected);
    #####:  705:    if (expected != NULL)
        -:  706:    {
    #####:  707:        UNITY_OUTPUT_CHAR('\'');
    #####:  708:        UnityPrintLen(expected, length);
    #####:  709:        UNITY_OUTPUT_CHAR('\'');
        -:  710:    }
        -:  711:    else
        -:  712:    {
    #####:  713:        UnityPrint(UnityStrNull);
        -:  714:    }
    #####:  715:    UnityPrint(UnityStrWas);
    #####:  716:    if (actual != NULL)
        -:  717:    {
    #####:  718:        UNITY_OUTPUT_CHAR('\'');
    #####:  719:        UnityPrintLen(actual, length);
    #####:  720:        UNITY_OUTPUT_CHAR('\'');
        -:  721:    }
        -:  722:    else
        -:  723:    {
    #####:  724:        UnityPrint(UnityStrNull);
        -:  725:    }
    #####:  726:    UnityPrintFirstStringDifference(expected, actual, i_diff);
    #####:  727:}
        -:  728:
        -:  729:/*-----------------------------------------------
        -:  730: * Assertion & Control Helpers
        -:  731: *-----------------------------------------------*/
        -:  732:
        -:  733:/*-----------------------------------------------*/
    #####:  734:static int UnityIsOneArrayNull(UNITY_INTERNAL_PTR expected,
        -:  735:                               UNITY_INTERNAL_PTR actual,
        -:  736:                               const UNITY_LINE_TYPE lineNumber,
        -:  737:                               const char* msg)
        -:  738:{
        -:  739:    /* Both are NULL or same pointer */
    #####:  740:    if (expected == actual) { return 0; }
        -:  741:
        -:  742:    /* print and return true if just expected is NULL */
    #####:  743:    if (expected == NULL)
        -:  744:    {
    #####:  745:        UnityTestResultsFailBegin(lineNumber);
    #####:  746:        UnityPrint(UnityStrNullPointerForExpected);
    #####:  747:        UnityAddMsgIfSpecified(msg);
    #####:  748:        return 1;
        -:  749:    }
        -:  750:
        -:  751:    /* print and return true if just actual is NULL */
    #####:  752:    if (actual == NULL)
        -:  753:    {
    #####:  754:        UnityTestResultsFailBegin(lineNumber);
    #####:  755:        UnityPrint(UnityStrNullPointerForActual);
    #####:  756:        UnityAddMsgIfSpecified(msg);
    #####:  757:        return 1;
        -:  758:    }
        -:  759:
    #####:  760:    return 0; /* return false if neither is NULL */
        -:  761:}
        -:  762:
        -:  763:/*-----------------------------------------------
        -:  764: * Assertion Functions
        -:  765: *-----------------------------------------------*/
        -:  766:
        -:  767:/*-----------------------------------------------*/
    #####:  768:void UnityAssertBits(const UNITY_INT mask,
        -:  769:                     const UNITY_INT expected,
        -:  770:                     const UNITY_INT actual,
        -:  771:                     const char* msg,
        -:  772:                     const UNITY_LINE_TYPE lineNumber)
        -:  773:{
    #####:  774:    RETURN_IF_FAIL_OR_IGNORE;
        -:  775:
    #####:  776:    if ((mask & expected) != (mask & actual))
        -:  777:    {
    #####:  778:        UnityTestResultsFailBegin(lineNumber);
    #####:  779:        UnityPrint(UnityStrExpected);
    #####:  780:        UnityPrintMask((UNITY_UINT)mask, (UNITY_UINT)expected);
    #####:  781:        UnityPrint(UnityStrWas);
    #####:  782:        UnityPrintMask((UNITY_UINT)mask, (UNITY_UINT)actual);
    #####:  783:        UnityAddMsgIfSpecified(msg);
    #####:  784:        UNITY_FAIL_AND_BAIL;
        -:  785:    }
    #####:  786:}
        -:  787:
        -:  788:/*-----------------------------------------------*/
        4:  789:void UnityAssertEqualIntNumber(const UNITY_INT expected,
        -:  790:                               const UNITY_INT actual,
        -:  791:                               const char* msg,
        -:  792:                               const UNITY_LINE_TYPE lineNumber,
        -:  793:                               const UNITY_DISPLAY_STYLE_T style)
        -:  794:{
       4*:  795:    RETURN_IF_FAIL_OR_IGNORE;
        -:  796:
        4:  797:    if (expected != actual)
        -:  798:    {
    #####:  799:        UnityTestResultsFailBegin(lineNumber);
    #####:  800:        UnityPrint(UnityStrExpected);
    #####:  801:        UnityPrintIntNumberByStyle(expected, style);
    #####:  802:        UnityPrint(UnityStrWas);
    #####:  803:        UnityPrintIntNumberByStyle(actual, style);
    #####:  804:        UnityAddMsgIfSpecified(msg);
    #####:  805:        UNITY_FAIL_AND_BAIL;
        -:  806:    }
        4:  807:}
        -:  808:
    #####:  809:void UnityAssertEqualUintNumber(const UNITY_UINT expected,
        -:  810:                                const UNITY_UINT actual,
        -:  811:                                const char* msg,
        -:  812:                                const UNITY_LINE_TYPE lineNumber,
        -:  813:                                const UNITY_DISPLAY_STYLE_T style)
        -:  814:{
    #####:  815:    RETURN_IF_FAIL_OR_IGNORE;
        -:  816:
    #####:  817:    if (expected != actual)
        -:  818:    {
    #####:  819:        UnityTestResultsFailBegin(lineNumber);
    #####:  820:        UnityPrint(UnityStrExpected);
    #####:  821:        UnityPrintUintNumberByStyle(expected, style);
    #####:  822:        UnityPrint(UnityStrWas);
    #####:  823:        UnityPrintUintNumberByStyle(actual, style);
    #####:  824:        UnityAddMsgIfSpecified(msg);
    #####:  825:        UNITY_FAIL_AND_BAIL;
        -:  826:    }
    #####:  827:}
        -:  828:/*-----------------------------------------------*/
    #####:  829:void UnityAssertIntGreaterOrLessOrEqualNumber(const UNITY_INT threshold,
        -:  830:                                              const UNITY_INT actual,
        -:  831:                                              const UNITY_COMPARISON_T compare,
        -:  832:                                              const char *msg,
        -:  833:                                              const UNITY_LINE_TYPE lineNumber,
        -:  834:                                              const UNITY_DISPLAY_STYLE_T style)
        -:  835:{
    #####:  836:    int failed = 0;
    #####:  837:    RETURN_IF_FAIL_OR_IGNORE;
        -:  838:
    #####:  839:    if ((threshold == actual) && !(compare & UNITY_EQUAL_TO)) { failed = 1; }
        -:  840:
    #####:  841:    if ((actual > threshold) && (compare & UNITY_SMALLER_THAN)) { failed = 1; }
    #####:  842:    if ((actual < threshold) && (compare & UNITY_GREATER_THAN)) { failed = 1; }
        -:  843:
    #####:  844:    if (failed)
        -:  845:    {
    #####:  846:        UnityTestResultsFailBegin(lineNumber);
    #####:  847:        UnityPrint(UnityStrExpected);
    #####:  848:        UnityPrintIntNumberByStyle(actual, style);
    #####:  849:        if (compare & UNITY_GREATER_THAN) { UnityPrint(UnityStrGt);       }
    #####:  850:        if (compare & UNITY_SMALLER_THAN) { UnityPrint(UnityStrLt);       }
    #####:  851:        if (compare & UNITY_EQUAL_TO)     { UnityPrint(UnityStrOrEqual);  }
    #####:  852:        if (compare == UNITY_NOT_EQUAL)   { UnityPrint(UnityStrNotEqual); }
    #####:  853:        UnityPrintIntNumberByStyle(threshold, style);
    #####:  854:        UnityAddMsgIfSpecified(msg);
    #####:  855:        UNITY_FAIL_AND_BAIL;
        -:  856:    }
    #####:  857:}
        -:  858:
    #####:  859:void UnityAssertUintGreaterOrLessOrEqualNumber(const UNITY_UINT threshold,
        -:  860:                                               const UNITY_UINT actual,
        -:  861:                                               const UNITY_COMPARISON_T compare,
        -:  862:                                               const char *msg,
        -:  863:                                               const UNITY_LINE_TYPE lineNumber,
        -:  864:                                               const UNITY_DISPLAY_STYLE_T style)
        -:  865:{
    #####:  866:    int failed = 0;
    #####:  867:    RETURN_IF_FAIL_OR_IGNORE;
        -:  868:
    #####:  869:    if ((threshold == actual) && !(compare & UNITY_EQUAL_TO)) { failed = 1; }
        -:  870:
        -:  871:    /* UINT or HEX */
    #####:  872:    if ((actual > threshold) && (compare & UNITY_SMALLER_THAN)) { failed = 1; }
    #####:  873:    if ((actual < threshold) && (compare & UNITY_GREATER_THAN)) { failed = 1; }
        -:  874:
    #####:  875:    if (failed)
        -:  876:    {
    #####:  877:        UnityTestResultsFailBegin(lineNumber);
    #####:  878:        UnityPrint(UnityStrExpected);
    #####:  879:        UnityPrintUintNumberByStyle(actual, style);
    #####:  880:        if (compare & UNITY_GREATER_THAN) { UnityPrint(UnityStrGt);       }
    #####:  881:        if (compare & UNITY_SMALLER_THAN) { UnityPrint(UnityStrLt);       }
    #####:  882:        if (compare & UNITY_EQUAL_TO)     { UnityPrint(UnityStrOrEqual);  }
    #####:  883:        if (compare == UNITY_NOT_EQUAL)   { UnityPrint(UnityStrNotEqual); }
    #####:  884:        UnityPrintUintNumberByStyle(threshold, style);
    #####:  885:        UnityAddMsgIfSpecified(msg);
    #####:  886:        UNITY_FAIL_AND_BAIL;
        -:  887:    }
    #####:  888:}
        -:  889:
        -:  890:#define UnityPrintPointlessAndBail()       \
        -:  891:do {                                       \
        -:  892:    UnityTestResultsFailBegin(lineNumber); \
        -:  893:    UnityPrint(UnityStrPointless);         \
        -:  894:    UnityAddMsgIfSpecified(msg);           \
        -:  895:    UNITY_FAIL_AND_BAIL;                   \
        -:  896:} while (0)
        -:  897:
        -:  898:/*-----------------------------------------------*/
    #####:  899:void UnityAssertEqualIntArray(UNITY_INTERNAL_PTR expected,
        -:  900:                              UNITY_INTERNAL_PTR actual,
        -:  901:                              const UNITY_UINT32 num_elements,
        -:  902:                              const char* msg,
        -:  903:                              const UNITY_LINE_TYPE lineNumber,
        -:  904:                              const UNITY_DISPLAY_STYLE_T style,
        -:  905:                              const UNITY_FLAGS_T flags)
        -:  906:{
    #####:  907:    UNITY_INT expect_val   = 0;
    #####:  908:    UNITY_INT actual_val   = 0;
    #####:  909:    UNITY_UINT32 elements  = num_elements;
    #####:  910:    unsigned int length    = style & 0xF;
    #####:  911:    unsigned int increment = 0;
        -:  912:
    #####:  913:    RETURN_IF_FAIL_OR_IGNORE;
        -:  914:
    #####:  915:    if (num_elements == 0)
        -:  916:    {
        -:  917:#ifdef UNITY_COMPARE_PTRS_ON_ZERO_ARRAY
        -:  918:        UNITY_TEST_ASSERT_EQUAL_PTR(expected, actual, lineNumber, msg);
        -:  919:#else
    #####:  920:        UnityPrintPointlessAndBail();
        -:  921:#endif
        -:  922:    }
        -:  923:
    #####:  924:    if (expected == actual)
        -:  925:    {
    #####:  926:        return; /* Both are NULL or same pointer */
        -:  927:    }
        -:  928:
    #####:  929:    if (UnityIsOneArrayNull(expected, actual, lineNumber, msg))
        -:  930:    {
    #####:  931:        UNITY_FAIL_AND_BAIL;
        -:  932:    }
        -:  933:
    #####:  934:    while ((elements > 0) && (elements--))
        -:  935:    {
    #####:  936:        switch (length)
        -:  937:        {
    #####:  938:            case 1:
    #####:  939:                expect_val = *(UNITY_PTR_ATTRIBUTE const UNITY_INT8*)expected;
    #####:  940:                actual_val = *(UNITY_PTR_ATTRIBUTE const UNITY_INT8*)actual;
    #####:  941:                if (style & (UNITY_DISPLAY_RANGE_UINT | UNITY_DISPLAY_RANGE_HEX))
        -:  942:                {
    #####:  943:                    expect_val &= 0x000000FF;
    #####:  944:                    actual_val &= 0x000000FF;
        -:  945:                }
    #####:  946:                increment  = sizeof(UNITY_INT8);
    #####:  947:                break;
        -:  948:
    #####:  949:            case 2:
    #####:  950:                expect_val = *(UNITY_PTR_ATTRIBUTE const UNITY_INT16*)expected;
    #####:  951:                actual_val = *(UNITY_PTR_ATTRIBUTE const UNITY_INT16*)actual;
    #####:  952:                if (style & (UNITY_DISPLAY_RANGE_UINT | UNITY_DISPLAY_RANGE_HEX))
        -:  953:                {
    #####:  954:                    expect_val &= 0x0000FFFF;
    #####:  955:                    actual_val &= 0x0000FFFF;
        -:  956:                }
    #####:  957:                increment  = sizeof(UNITY_INT16);
    #####:  958:                break;
        -:  959:
        -:  960:#ifdef UNITY_SUPPORT_64
    #####:  961:            case 8:
    #####:  962:                expect_val = *(UNITY_PTR_ATTRIBUTE const UNITY_INT64*)expected;
    #####:  963:                actual_val = *(UNITY_PTR_ATTRIBUTE const UNITY_INT64*)actual;
    #####:  964:                increment  = sizeof(UNITY_INT64);
    #####:  965:                break;
        -:  966:#endif
        -:  967:
    #####:  968:            default: /* default is length 4 bytes */
        -:  969:            case 4:
    #####:  970:                expect_val = *(UNITY_PTR_ATTRIBUTE const UNITY_INT32*)expected;
    #####:  971:                actual_val = *(UNITY_PTR_ATTRIBUTE const UNITY_INT32*)actual;
        -:  972:#ifdef UNITY_SUPPORT_64
    #####:  973:                if (style & (UNITY_DISPLAY_RANGE_UINT | UNITY_DISPLAY_RANGE_HEX))
        -:  974:                {
    #####:  975:                    expect_val &= 0x00000000FFFFFFFF;
    #####:  976:                    actual_val &= 0x00000000FFFFFFFF;
        -:  977:                }
        -:  978:#endif
    #####:  979:                increment  = sizeof(UNITY_INT32);
    #####:  980:                length = 4;
    #####:  981:                break;
        -:  982:        }
        -:  983:
    #####:  984:        if (expect_val != actual_val)
        -:  985:        {
    #####:  986:            if ((style & UNITY_DISPLAY_RANGE_UINT) && (length < (UNITY_INT_WIDTH / 8)))
        -:  987:            {   /* For UINT, remove sign extension (padding 1's) from signed type casts above */
    #####:  988:                UNITY_INT mask = 1;
    #####:  989:                mask = (mask << 8 * length) - 1;
    #####:  990:                expect_val &= mask;
    #####:  991:                actual_val &= mask;
        -:  992:            }
    #####:  993:            UnityTestResultsFailBegin(lineNumber);
    #####:  994:            UnityPrint(UnityStrElement);
    #####:  995:            UnityPrintNumberUnsigned(num_elements - elements - 1);
    #####:  996:            UnityPrint(UnityStrExpected);
    #####:  997:            UnityPrintIntNumberByStyle(expect_val, style);
    #####:  998:            UnityPrint(UnityStrWas);
    #####:  999:            UnityPrintIntNumberByStyle(actual_val, style);
    #####: 1000:            UnityAddMsgIfSpecified(msg);
    #####: 1001:            UNITY_FAIL_AND_BAIL;
        -: 1002:        }
        -: 1003:        /* Walk through array by incrementing the pointers */
    #####: 1004:        if (flags == UNITY_ARRAY_TO_ARRAY)
        -: 1005:        {
    #####: 1006:            expected = (UNITY_INTERNAL_PTR)((const char*)expected + increment);
        -: 1007:        }
    #####: 1008:        actual = (UNITY_INTERNAL_PTR)((const char*)actual + increment);
        -: 1009:    }
        -: 1010:}
        -: 1011:
        -: 1012:/*-----------------------------------------------*/
        -: 1013:#ifndef UNITY_EXCLUDE_FLOAT
        -: 1014:/* Wrap this define in a function with variable types as float or double */
        -: 1015:#define UNITY_FLOAT_OR_DOUBLE_WITHIN(delta, expected, actual, diff)                           \
        -: 1016:    if (UNITY_IS_INF(expected) && UNITY_IS_INF(actual) && (((expected) < 0) == ((actual) < 0))) return 1;   \
        -: 1017:    if (UNITY_NAN_CHECK) return 1;                                                            \
        -: 1018:    (diff) = (actual) - (expected);                                                           \
        -: 1019:    if ((diff) < 0) (diff) = -(diff);                                                         \
        -: 1020:    if ((delta) < 0) (delta) = -(delta);                                                      \
        -: 1021:    return !(UNITY_IS_NAN(diff) || UNITY_IS_INF(diff) || ((diff) > (delta)))
        -: 1022:    /* This first part of this condition will catch any NaN or Infinite values */
        -: 1023:#ifndef UNITY_NAN_NOT_EQUAL_NAN
        -: 1024:  #define UNITY_NAN_CHECK UNITY_IS_NAN(expected) && UNITY_IS_NAN(actual)
        -: 1025:#else
        -: 1026:  #define UNITY_NAN_CHECK 0
        -: 1027:#endif
        -: 1028:
        -: 1029:#ifndef UNITY_EXCLUDE_FLOAT_PRINT
        -: 1030:  #define UNITY_PRINT_EXPECTED_AND_ACTUAL_FLOAT(expected, actual) \
        -: 1031:  do {                                                            \
        -: 1032:    UnityPrint(UnityStrExpected);                                 \
        -: 1033:    UnityPrintFloat(expected);                                    \
        -: 1034:    UnityPrint(UnityStrWas);                                      \
        -: 1035:    UnityPrintFloat(actual);                                      \
        -: 1036:  } while (0)
        -: 1037:#else
        -: 1038:  #define UNITY_PRINT_EXPECTED_AND_ACTUAL_FLOAT(expected, actual) \
        -: 1039:    UnityPrint(UnityStrDelta)
        -: 1040:#endif /* UNITY_EXCLUDE_FLOAT_PRINT */
        -: 1041:
        -: 1042:/*-----------------------------------------------*/
    #####: 1043:static int UnityFloatsWithin(UNITY_FLOAT delta, UNITY_FLOAT expected, UNITY_FLOAT actual)
        -: 1044:{
        -: 1045:    UNITY_FLOAT diff;
    #####: 1046:    UNITY_FLOAT_OR_DOUBLE_WITHIN(delta, expected, actual, diff);
        -: 1047:}
        -: 1048:
        -: 1049:/*-----------------------------------------------*/
    #####: 1050:void UnityAssertWithinFloatArray(const UNITY_FLOAT delta,
        -: 1051:                                 UNITY_PTR_ATTRIBUTE const UNITY_FLOAT* expected,
        -: 1052:                                 UNITY_PTR_ATTRIBUTE const UNITY_FLOAT* actual,
        -: 1053:                                 const UNITY_UINT32 num_elements,
        -: 1054:                                 const char* msg,
        -: 1055:                                 const UNITY_LINE_TYPE lineNumber,
        -: 1056:                                 const UNITY_FLAGS_T flags)
        -: 1057:{
    #####: 1058:    UNITY_UINT32 elements = num_elements;
    #####: 1059:    UNITY_PTR_ATTRIBUTE const UNITY_FLOAT* ptr_expected = expected;
    #####: 1060:    UNITY_PTR_ATTRIBUTE const UNITY_FLOAT* ptr_actual = actual;
    #####: 1061:    UNITY_FLOAT in_delta = delta;
    #####: 1062:    UNITY_FLOAT current_element_delta = delta;
        -: 1063:
    #####: 1064:    RETURN_IF_FAIL_OR_IGNORE;
        -: 1065:
    #####: 1066:    if (elements == 0)
        -: 1067:    {
        -: 1068:#ifdef UNITY_COMPARE_PTRS_ON_ZERO_ARRAY
        -: 1069:        UNITY_TEST_ASSERT_EQUAL_PTR(expected, actual, lineNumber, msg);
        -: 1070:#else
    #####: 1071:        UnityPrintPointlessAndBail();
        -: 1072:#endif
        -: 1073:    }
        -: 1074:
    #####: 1075:    if (UNITY_IS_INF(in_delta))
        -: 1076:    {
    #####: 1077:        return; /* Arrays will be force equal with infinite delta */
        -: 1078:    }
        -: 1079:
    #####: 1080:    if (UNITY_IS_NAN(in_delta))
        -: 1081:    {
        -: 1082:        /* Delta must be correct number */
    #####: 1083:        UnityPrintPointlessAndBail();
        -: 1084:    }
        -: 1085:
    #####: 1086:    if (expected == actual)
        -: 1087:    {
    #####: 1088:        return; /* Both are NULL or same pointer */
        -: 1089:    }
        -: 1090:
    #####: 1091:    if (UnityIsOneArrayNull((UNITY_INTERNAL_PTR)expected, (UNITY_INTERNAL_PTR)actual, lineNumber, msg))
        -: 1092:    {
    #####: 1093:        UNITY_FAIL_AND_BAIL;
        -: 1094:    }
        -: 1095:
        -: 1096:    /* fix delta sign if need */
    #####: 1097:    if (in_delta < 0)
        -: 1098:    {
    #####: 1099:        in_delta = -in_delta;
        -: 1100:    }
        -: 1101:
    #####: 1102:    while (elements--)
        -: 1103:    {
    #####: 1104:        current_element_delta = *ptr_expected * UNITY_FLOAT_PRECISION;
        -: 1105:
    #####: 1106:        if (current_element_delta < 0)
        -: 1107:        {
        -: 1108:            /* fix delta sign for correct calculations */
    #####: 1109:            current_element_delta = -current_element_delta;
        -: 1110:        }
        -: 1111:
    #####: 1112:        if (!UnityFloatsWithin(in_delta + current_element_delta, *ptr_expected, *ptr_actual))
        -: 1113:        {
    #####: 1114:            UnityTestResultsFailBegin(lineNumber);
    #####: 1115:            UnityPrint(UnityStrElement);
    #####: 1116:            UnityPrintNumberUnsigned(num_elements - elements - 1);
    #####: 1117:            UNITY_PRINT_EXPECTED_AND_ACTUAL_FLOAT((UNITY_DOUBLE)*ptr_expected, (UNITY_DOUBLE)*ptr_actual);
    #####: 1118:            UnityAddMsgIfSpecified(msg);
    #####: 1119:            UNITY_FAIL_AND_BAIL;
        -: 1120:        }
    #####: 1121:        if (flags == UNITY_ARRAY_TO_ARRAY)
        -: 1122:        {
    #####: 1123:            ptr_expected++;
        -: 1124:        }
    #####: 1125:        ptr_actual++;
        -: 1126:    }
        -: 1127:}
        -: 1128:
        -: 1129:/*-----------------------------------------------*/
    #####: 1130:void UnityAssertFloatsWithin(const UNITY_FLOAT delta,
        -: 1131:                             const UNITY_FLOAT expected,
        -: 1132:                             const UNITY_FLOAT actual,
        -: 1133:                             const char* msg,
        -: 1134:                             const UNITY_LINE_TYPE lineNumber)
        -: 1135:{
    #####: 1136:    RETURN_IF_FAIL_OR_IGNORE;
        -: 1137:
        -: 1138:
    #####: 1139:    if (!UnityFloatsWithin(delta, expected, actual))
        -: 1140:    {
    #####: 1141:        UnityTestResultsFailBegin(lineNumber);
    #####: 1142:        UNITY_PRINT_EXPECTED_AND_ACTUAL_FLOAT((UNITY_DOUBLE)expected, (UNITY_DOUBLE)actual);
    #####: 1143:        UnityAddMsgIfSpecified(msg);
    #####: 1144:        UNITY_FAIL_AND_BAIL;
        -: 1145:    }
    #####: 1146:}
        -: 1147:
        -: 1148:#ifndef   UNITY_EXCLUDE_FLOAT_PRINT
        -: 1149:/*-----------------------------------------------*/
    #####: 1150:void UnityAssertFloatsNotWithin(const UNITY_FLOAT delta,
        -: 1151:                                const UNITY_FLOAT expected,
        -: 1152:                                const UNITY_FLOAT actual,
        -: 1153:                                const char* msg,
        -: 1154:                                const UNITY_LINE_TYPE lineNumber)
        -: 1155:{
    #####: 1156:    RETURN_IF_FAIL_OR_IGNORE;
        -: 1157:
    #####: 1158:    if (UnityFloatsWithin(delta, expected, actual))
        -: 1159:    {
    #####: 1160:        UnityTestResultsFailBegin(lineNumber);
    #####: 1161:        UnityPrint(UnityStrExpected);
    #####: 1162:        UnityPrintFloat((UNITY_DOUBLE)expected);
    #####: 1163:        UnityPrint(UnityStrNotEqual);
    #####: 1164:        UnityPrintFloat((UNITY_DOUBLE)actual);
    #####: 1165:        UnityAddMsgIfSpecified(msg);
    #####: 1166:        UNITY_FAIL_AND_BAIL;
        -: 1167:    }
    #####: 1168:}
        -: 1169:
        -: 1170:/*-----------------------------------------------*/
    #####: 1171:void UnityAssertGreaterOrLessFloat(const UNITY_FLOAT threshold,
        -: 1172:                                   const UNITY_FLOAT actual,
        -: 1173:                                   const UNITY_COMPARISON_T compare,
        -: 1174:                                   const char* msg,
        -: 1175:                                   const UNITY_LINE_TYPE lineNumber)
        -: 1176:{
        -: 1177:    int failed;
        -: 1178:
    #####: 1179:    RETURN_IF_FAIL_OR_IGNORE;
        -: 1180:
    #####: 1181:    failed = 0;
        -: 1182:
        -: 1183:    /* Checking for "not success" rather than failure to get the right result for NaN */
    #####: 1184:    if (!(actual < threshold) && (compare & UNITY_SMALLER_THAN)) { failed = 1; }
    #####: 1185:    if (!(actual > threshold) && (compare & UNITY_GREATER_THAN)) { failed = 1; }
        -: 1186:
    #####: 1187:    if ((compare & UNITY_EQUAL_TO) && UnityFloatsWithin(threshold * UNITY_FLOAT_PRECISION, threshold, actual)) { failed = 0; }
        -: 1188:
    #####: 1189:    if (failed)
        -: 1190:    {
    #####: 1191:        UnityTestResultsFailBegin(lineNumber);
    #####: 1192:        UnityPrint(UnityStrExpected);
    #####: 1193:        UnityPrintFloat(actual);
    #####: 1194:        if (compare & UNITY_GREATER_THAN) { UnityPrint(UnityStrGt); }
    #####: 1195:        if (compare & UNITY_SMALLER_THAN) { UnityPrint(UnityStrLt); }
    #####: 1196:        if (compare & UNITY_EQUAL_TO)     { UnityPrint(UnityStrOrEqual);  }
    #####: 1197:        UnityPrintFloat(threshold);
    #####: 1198:        UnityAddMsgIfSpecified(msg);
    #####: 1199:        UNITY_FAIL_AND_BAIL;
        -: 1200:    }
    #####: 1201:}
        -: 1202:#endif /* ! UNITY_EXCLUDE_FLOAT_PRINT */
        -: 1203:
        -: 1204:/*-----------------------------------------------*/
    #####: 1205:void UnityAssertFloatSpecial(const UNITY_FLOAT actual,
        -: 1206:                             const char* msg,
        -: 1207:                             const UNITY_LINE_TYPE lineNumber,
        -: 1208:                             const UNITY_FLOAT_TRAIT_T style)
        -: 1209:{
    #####: 1210:    const char* trait_names[] = {UnityStrInf, UnityStrNegInf, UnityStrNaN, UnityStrDet};
    #####: 1211:    UNITY_INT should_be_trait = ((UNITY_INT)style & 1);
    #####: 1212:    UNITY_INT is_trait        = !should_be_trait;
    #####: 1213:    UNITY_INT trait_index     = (UNITY_INT)(style >> 1);
        -: 1214:
    #####: 1215:    RETURN_IF_FAIL_OR_IGNORE;
        -: 1216:
    #####: 1217:    switch (style)
        -: 1218:    {
    #####: 1219:        case UNITY_FLOAT_IS_INF:
        -: 1220:        case UNITY_FLOAT_IS_NOT_INF:
    #####: 1221:            is_trait = UNITY_IS_INF(actual) && (actual > 0);
    #####: 1222:            break;
    #####: 1223:        case UNITY_FLOAT_IS_NEG_INF:
        -: 1224:        case UNITY_FLOAT_IS_NOT_NEG_INF:
    #####: 1225:            is_trait = UNITY_IS_INF(actual) && (actual < 0);
    #####: 1226:            break;
        -: 1227:
    #####: 1228:        case UNITY_FLOAT_IS_NAN:
        -: 1229:        case UNITY_FLOAT_IS_NOT_NAN:
    #####: 1230:            is_trait = UNITY_IS_NAN(actual) ? 1 : 0;
    #####: 1231:            break;
        -: 1232:
    #####: 1233:        case UNITY_FLOAT_IS_DET: /* A determinate number is non infinite and not NaN. */
        -: 1234:        case UNITY_FLOAT_IS_NOT_DET:
    #####: 1235:            is_trait = !UNITY_IS_INF(actual) && !UNITY_IS_NAN(actual);
    #####: 1236:            break;
        -: 1237:
    #####: 1238:        case UNITY_FLOAT_INVALID_TRAIT:  /* Supress warning */
        -: 1239:        default: /* including UNITY_FLOAT_INVALID_TRAIT */
    #####: 1240:            trait_index = 0;
    #####: 1241:            trait_names[0] = UnityStrInvalidFloatTrait;
    #####: 1242:            break;
        -: 1243:    }
        -: 1244:
    #####: 1245:    if (is_trait != should_be_trait)
        -: 1246:    {
    #####: 1247:        UnityTestResultsFailBegin(lineNumber);
    #####: 1248:        UnityPrint(UnityStrExpected);
    #####: 1249:        if (!should_be_trait)
        -: 1250:        {
    #####: 1251:            UnityPrint(UnityStrNot);
        -: 1252:        }
    #####: 1253:        UnityPrint(trait_names[trait_index]);
    #####: 1254:        UnityPrint(UnityStrWas);
        -: 1255:#ifndef UNITY_EXCLUDE_FLOAT_PRINT
    #####: 1256:        UnityPrintFloat((UNITY_DOUBLE)actual);
        -: 1257:#else
        -: 1258:        if (should_be_trait)
        -: 1259:        {
        -: 1260:            UnityPrint(UnityStrNot);
        -: 1261:        }
        -: 1262:        UnityPrint(trait_names[trait_index]);
        -: 1263:#endif
    #####: 1264:        UnityAddMsgIfSpecified(msg);
    #####: 1265:        UNITY_FAIL_AND_BAIL;
        -: 1266:    }
    #####: 1267:}
        -: 1268:
        -: 1269:#endif /* not UNITY_EXCLUDE_FLOAT */
        -: 1270:
        -: 1271:/*-----------------------------------------------*/
        -: 1272:#ifndef UNITY_EXCLUDE_DOUBLE
        -: 1273:static int UnityDoublesWithin(UNITY_DOUBLE delta, UNITY_DOUBLE expected, UNITY_DOUBLE actual)
        -: 1274:{
        -: 1275:    UNITY_DOUBLE diff;
        -: 1276:    UNITY_FLOAT_OR_DOUBLE_WITHIN(delta, expected, actual, diff);
        -: 1277:}
        -: 1278:
        -: 1279:/*-----------------------------------------------*/
        -: 1280:void UnityAssertWithinDoubleArray(const UNITY_DOUBLE delta,
        -: 1281:                                  UNITY_PTR_ATTRIBUTE const UNITY_DOUBLE* expected,
        -: 1282:                                  UNITY_PTR_ATTRIBUTE const UNITY_DOUBLE* actual,
        -: 1283:                                  const UNITY_UINT32 num_elements,
        -: 1284:                                  const char* msg,
        -: 1285:                                  const UNITY_LINE_TYPE lineNumber,
        -: 1286:                                  const UNITY_FLAGS_T flags)
        -: 1287:{
        -: 1288:    UNITY_UINT32 elements = num_elements;
        -: 1289:    UNITY_PTR_ATTRIBUTE const UNITY_DOUBLE* ptr_expected = expected;
        -: 1290:    UNITY_PTR_ATTRIBUTE const UNITY_DOUBLE* ptr_actual = actual;
        -: 1291:    UNITY_DOUBLE in_delta = delta;
        -: 1292:    UNITY_DOUBLE current_element_delta = delta;
        -: 1293:
        -: 1294:    RETURN_IF_FAIL_OR_IGNORE;
        -: 1295:
        -: 1296:    if (elements == 0)
        -: 1297:    {
        -: 1298:#ifdef UNITY_COMPARE_PTRS_ON_ZERO_ARRAY
        -: 1299:        UNITY_TEST_ASSERT_EQUAL_PTR(expected, actual, lineNumber, msg);
        -: 1300:#else
        -: 1301:        UnityPrintPointlessAndBail();
        -: 1302:#endif
        -: 1303:    }
        -: 1304:
        -: 1305:    if (UNITY_IS_INF(in_delta))
        -: 1306:    {
        -: 1307:        return; /* Arrays will be force equal with infinite delta */
        -: 1308:    }
        -: 1309:
        -: 1310:    if (UNITY_IS_NAN(in_delta))
        -: 1311:    {
        -: 1312:        /* Delta must be correct number */
        -: 1313:        UnityPrintPointlessAndBail();
        -: 1314:    }
        -: 1315:
        -: 1316:    if (expected == actual)
        -: 1317:    {
        -: 1318:        return; /* Both are NULL or same pointer */
        -: 1319:    }
        -: 1320:
        -: 1321:    if (UnityIsOneArrayNull((UNITY_INTERNAL_PTR)expected, (UNITY_INTERNAL_PTR)actual, lineNumber, msg))
        -: 1322:    {
        -: 1323:        UNITY_FAIL_AND_BAIL;
        -: 1324:    }
        -: 1325:
        -: 1326:    /* fix delta sign if need */
        -: 1327:    if (in_delta < 0)
        -: 1328:    {
        -: 1329:        in_delta = -in_delta;
        -: 1330:    }
        -: 1331:
        -: 1332:    while (elements--)
        -: 1333:    {
        -: 1334:        current_element_delta = *ptr_expected * UNITY_DOUBLE_PRECISION;
        -: 1335:
        -: 1336:        if (current_element_delta < 0)
        -: 1337:        {
        -: 1338:            /* fix delta sign for correct calculations */
        -: 1339:            current_element_delta = -current_element_delta;
        -: 1340:        }
        -: 1341:
        -: 1342:        if (!UnityDoublesWithin(in_delta + current_element_delta, *ptr_expected, *ptr_actual))
        -: 1343:        {
        -: 1344:            UnityTestResultsFailBegin(lineNumber);
        -: 1345:            UnityPrint(UnityStrElement);
        -: 1346:            UnityPrintNumberUnsigned(num_elements - elements - 1);
        -: 1347:            UNITY_PRINT_EXPECTED_AND_ACTUAL_FLOAT(*ptr_expected, *ptr_actual);
        -: 1348:            UnityAddMsgIfSpecified(msg);
        -: 1349:            UNITY_FAIL_AND_BAIL;
        -: 1350:        }
        -: 1351:        if (flags == UNITY_ARRAY_TO_ARRAY)
        -: 1352:        {
        -: 1353:            ptr_expected++;
        -: 1354:        }
        -: 1355:        ptr_actual++;
        -: 1356:    }
        -: 1357:}
        -: 1358:
        -: 1359:/*-----------------------------------------------*/
        -: 1360:void UnityAssertDoublesWithin(const UNITY_DOUBLE delta,
        -: 1361:                              const UNITY_DOUBLE expected,
        -: 1362:                              const UNITY_DOUBLE actual,
        -: 1363:                              const char* msg,
        -: 1364:                              const UNITY_LINE_TYPE lineNumber)
        -: 1365:{
        -: 1366:    RETURN_IF_FAIL_OR_IGNORE;
        -: 1367:
        -: 1368:    if (!UnityDoublesWithin(delta, expected, actual))
        -: 1369:    {
        -: 1370:        UnityTestResultsFailBegin(lineNumber);
        -: 1371:        UNITY_PRINT_EXPECTED_AND_ACTUAL_FLOAT(expected, actual);
        -: 1372:        UnityAddMsgIfSpecified(msg);
        -: 1373:        UNITY_FAIL_AND_BAIL;
        -: 1374:    }
        -: 1375:}
        -: 1376:
        -: 1377:#ifndef    UNITY_EXCLUDE_FLOAT_PRINT
        -: 1378:/*-----------------------------------------------*/
        -: 1379:void UnityAssertDoublesNotWithin(const UNITY_DOUBLE delta,
        -: 1380:                                 const UNITY_DOUBLE expected,
        -: 1381:                                 const UNITY_DOUBLE actual,
        -: 1382:                                 const char* msg,
        -: 1383:                                 const UNITY_LINE_TYPE lineNumber)
        -: 1384:{
        -: 1385:    RETURN_IF_FAIL_OR_IGNORE;
        -: 1386:
        -: 1387:    if (UnityDoublesWithin(delta, expected, actual))
        -: 1388:    {
        -: 1389:        UnityTestResultsFailBegin(lineNumber);
        -: 1390:        UnityPrint(UnityStrExpected);
        -: 1391:        UnityPrintFloat((UNITY_DOUBLE)expected);
        -: 1392:        UnityPrint(UnityStrNotEqual);
        -: 1393:        UnityPrintFloat((UNITY_DOUBLE)actual);
        -: 1394:        UnityAddMsgIfSpecified(msg);
        -: 1395:        UNITY_FAIL_AND_BAIL;
        -: 1396:    }
        -: 1397:}
        -: 1398:
        -: 1399:/*-----------------------------------------------*/
        -: 1400:void UnityAssertGreaterOrLessDouble(const UNITY_DOUBLE threshold,
        -: 1401:                                    const UNITY_DOUBLE actual,
        -: 1402:                                    const UNITY_COMPARISON_T compare,
        -: 1403:                                    const char* msg,
        -: 1404:                                    const UNITY_LINE_TYPE lineNumber)
        -: 1405:{
        -: 1406:    int failed;
        -: 1407:
        -: 1408:    RETURN_IF_FAIL_OR_IGNORE;
        -: 1409:
        -: 1410:    failed = 0;
        -: 1411:
        -: 1412:    /* Checking for "not success" rather than failure to get the right result for NaN */
        -: 1413:    if (!(actual < threshold) && (compare & UNITY_SMALLER_THAN)) { failed = 1; }
        -: 1414:    if (!(actual > threshold) && (compare & UNITY_GREATER_THAN)) { failed = 1; }
        -: 1415:
        -: 1416:    if ((compare & UNITY_EQUAL_TO) && UnityDoublesWithin(threshold * UNITY_DOUBLE_PRECISION, threshold, actual)) { failed = 0; }
        -: 1417:
        -: 1418:    if (failed)
        -: 1419:    {
        -: 1420:        UnityTestResultsFailBegin(lineNumber);
        -: 1421:        UnityPrint(UnityStrExpected);
        -: 1422:        UnityPrintFloat(actual);
        -: 1423:        if (compare & UNITY_GREATER_THAN) { UnityPrint(UnityStrGt); }
        -: 1424:        if (compare & UNITY_SMALLER_THAN) { UnityPrint(UnityStrLt); }
        -: 1425:        if (compare & UNITY_EQUAL_TO)     { UnityPrint(UnityStrOrEqual);  }
        -: 1426:        UnityPrintFloat(threshold);
        -: 1427:        UnityAddMsgIfSpecified(msg);
        -: 1428:        UNITY_FAIL_AND_BAIL;
        -: 1429:    }
        -: 1430:}
        -: 1431:#endif /* ! UNITY_EXCLUDE_FLOAT_PRINT */
        -: 1432:
        -: 1433:/*-----------------------------------------------*/
        -: 1434:void UnityAssertDoubleSpecial(const UNITY_DOUBLE actual,
        -: 1435:                              const char* msg,
        -: 1436:                              const UNITY_LINE_TYPE lineNumber,
        -: 1437:                              const UNITY_FLOAT_TRAIT_T style)
        -: 1438:{
        -: 1439:    const char* trait_names[] = {UnityStrInf, UnityStrNegInf, UnityStrNaN, UnityStrDet};
        -: 1440:    UNITY_INT should_be_trait = ((UNITY_INT)style & 1);
        -: 1441:    UNITY_INT is_trait        = !should_be_trait;
        -: 1442:    UNITY_INT trait_index     = (UNITY_INT)(style >> 1);
        -: 1443:
        -: 1444:    RETURN_IF_FAIL_OR_IGNORE;
        -: 1445:
        -: 1446:    switch (style)
        -: 1447:    {
        -: 1448:        case UNITY_FLOAT_IS_INF:
        -: 1449:        case UNITY_FLOAT_IS_NOT_INF:
        -: 1450:            is_trait = UNITY_IS_INF(actual) && (actual > 0);
        -: 1451:            break;
        -: 1452:        case UNITY_FLOAT_IS_NEG_INF:
        -: 1453:        case UNITY_FLOAT_IS_NOT_NEG_INF:
        -: 1454:            is_trait = UNITY_IS_INF(actual) && (actual < 0);
        -: 1455:            break;
        -: 1456:
        -: 1457:        case UNITY_FLOAT_IS_NAN:
        -: 1458:        case UNITY_FLOAT_IS_NOT_NAN:
        -: 1459:            is_trait = UNITY_IS_NAN(actual) ? 1 : 0;
        -: 1460:            break;
        -: 1461:
        -: 1462:        case UNITY_FLOAT_IS_DET: /* A determinate number is non infinite and not NaN. */
        -: 1463:        case UNITY_FLOAT_IS_NOT_DET:
        -: 1464:            is_trait = !UNITY_IS_INF(actual) && !UNITY_IS_NAN(actual);
        -: 1465:            break;
        -: 1466:
        -: 1467:        case UNITY_FLOAT_INVALID_TRAIT:  /* Supress warning */
        -: 1468:        default: /* including UNITY_FLOAT_INVALID_TRAIT */
        -: 1469:            trait_index = 0;
        -: 1470:            trait_names[0] = UnityStrInvalidFloatTrait;
        -: 1471:            break;
        -: 1472:    }
        -: 1473:
        -: 1474:    if (is_trait != should_be_trait)
        -: 1475:    {
        -: 1476:        UnityTestResultsFailBegin(lineNumber);
        -: 1477:        UnityPrint(UnityStrExpected);
        -: 1478:        if (!should_be_trait)
        -: 1479:        {
        -: 1480:            UnityPrint(UnityStrNot);
        -: 1481:        }
        -: 1482:        UnityPrint(trait_names[trait_index]);
        -: 1483:        UnityPrint(UnityStrWas);
        -: 1484:#ifndef UNITY_EXCLUDE_FLOAT_PRINT
        -: 1485:        UnityPrintFloat(actual);
        -: 1486:#else
        -: 1487:        if (should_be_trait)
        -: 1488:        {
        -: 1489:            UnityPrint(UnityStrNot);
        -: 1490:        }
        -: 1491:        UnityPrint(trait_names[trait_index]);
        -: 1492:#endif
        -: 1493:        UnityAddMsgIfSpecified(msg);
        -: 1494:        UNITY_FAIL_AND_BAIL;
        -: 1495:    }
        -: 1496:}
        -: 1497:
        -: 1498:#endif /* not UNITY_EXCLUDE_DOUBLE */
        -: 1499:
        -: 1500:/*-----------------------------------------------*/
    #####: 1501:void UnityAssertIntNumbersWithin(const UNITY_UINT delta,
        -: 1502:                                 const UNITY_INT expected,
        -: 1503:                                 const UNITY_INT actual,
        -: 1504:                                 const char* msg,
        -: 1505:                                 const UNITY_LINE_TYPE lineNumber,
        -: 1506:                                 const UNITY_DISPLAY_STYLE_T style)
        -: 1507:{
    #####: 1508:    RETURN_IF_FAIL_OR_IGNORE;
        -: 1509:
    #####: 1510:    if (actual > expected)
        -: 1511:    {
    #####: 1512:        Unity.CurrentTestFailed = (((UNITY_UINT)actual - (UNITY_UINT)expected) > delta);
        -: 1513:    }
        -: 1514:    else
        -: 1515:    {
    #####: 1516:        Unity.CurrentTestFailed = (((UNITY_UINT)expected - (UNITY_UINT)actual) > delta);
        -: 1517:    }
        -: 1518:
    #####: 1519:    if (Unity.CurrentTestFailed)
        -: 1520:    {
    #####: 1521:        UnityTestResultsFailBegin(lineNumber);
    #####: 1522:        UnityPrint(UnityStrDelta);
    #####: 1523:        UnityPrintIntNumberByStyle((UNITY_INT)delta, style);
    #####: 1524:        UnityPrint(UnityStrExpected);
    #####: 1525:        UnityPrintIntNumberByStyle(expected, style);
    #####: 1526:        UnityPrint(UnityStrWas);
    #####: 1527:        UnityPrintIntNumberByStyle(actual, style);
    #####: 1528:        UnityAddMsgIfSpecified(msg);
    #####: 1529:        UNITY_FAIL_AND_BAIL;
        -: 1530:    }
    #####: 1531:}
        -: 1532:
    #####: 1533:void UnityAssertUintNumbersWithin(const UNITY_UINT delta,
        -: 1534:                                  const UNITY_UINT expected,
        -: 1535:                                  const UNITY_UINT actual,
        -: 1536:                                  const char* msg,
        -: 1537:                                  const UNITY_LINE_TYPE lineNumber,
        -: 1538:                                  const UNITY_DISPLAY_STYLE_T style)
        -: 1539:{
    #####: 1540:    RETURN_IF_FAIL_OR_IGNORE;
        -: 1541:
    #####: 1542:    if (actual > expected)
        -: 1543:    {
    #####: 1544:        Unity.CurrentTestFailed = ((actual - expected) > delta);
        -: 1545:    }
        -: 1546:    else
        -: 1547:    {
    #####: 1548:        Unity.CurrentTestFailed = ((expected - actual) > delta);
        -: 1549:    }
        -: 1550:
    #####: 1551:    if (Unity.CurrentTestFailed)
        -: 1552:    {
    #####: 1553:        UnityTestResultsFailBegin(lineNumber);
    #####: 1554:        UnityPrint(UnityStrDelta);
    #####: 1555:        UnityPrintUintNumberByStyle(delta, style);
    #####: 1556:        UnityPrint(UnityStrExpected);
    #####: 1557:        UnityPrintUintNumberByStyle(expected, style);
    #####: 1558:        UnityPrint(UnityStrWas);
    #####: 1559:        UnityPrintUintNumberByStyle(actual, style);
    #####: 1560:        UnityAddMsgIfSpecified(msg);
    #####: 1561:        UNITY_FAIL_AND_BAIL;
        -: 1562:    }
    #####: 1563:}
        -: 1564:
        -: 1565:/*-----------------------------------------------*/
    #####: 1566:void UnityAssertNumbersArrayWithin(const UNITY_UINT delta,
        -: 1567:                                   UNITY_INTERNAL_PTR expected,
        -: 1568:                                   UNITY_INTERNAL_PTR actual,
        -: 1569:                                   const UNITY_UINT32 num_elements,
        -: 1570:                                   const char* msg,
        -: 1571:                                   const UNITY_LINE_TYPE lineNumber,
        -: 1572:                                   const UNITY_DISPLAY_STYLE_T style,
        -: 1573:                                   const UNITY_FLAGS_T flags)
        -: 1574:{
    #####: 1575:    UNITY_UINT32 elements = num_elements;
    #####: 1576:    unsigned int length   = style & 0xF;
    #####: 1577:    unsigned int increment = 0;
        -: 1578:
    #####: 1579:    RETURN_IF_FAIL_OR_IGNORE;
        -: 1580:
    #####: 1581:    if (num_elements == 0)
        -: 1582:    {
        -: 1583:#ifdef UNITY_COMPARE_PTRS_ON_ZERO_ARRAY
        -: 1584:        UNITY_TEST_ASSERT_EQUAL_PTR(expected, actual, lineNumber, msg);
        -: 1585:#else
    #####: 1586:        UnityPrintPointlessAndBail();
        -: 1587:#endif
        -: 1588:    }
        -: 1589:
    #####: 1590:    if (expected == actual)
        -: 1591:    {
    #####: 1592:        return; /* Both are NULL or same pointer */
        -: 1593:    }
        -: 1594:
    #####: 1595:    if (UnityIsOneArrayNull(expected, actual, lineNumber, msg))
        -: 1596:    {
    #####: 1597:        UNITY_FAIL_AND_BAIL;
        -: 1598:    }
        -: 1599:
    #####: 1600:    while ((elements > 0) && (elements--))
        -: 1601:    {
        -: 1602:        UNITY_INT expect_val;
        -: 1603:        UNITY_INT actual_val;
        -: 1604:
    #####: 1605:        switch (length)
        -: 1606:        {
    #####: 1607:            case 1:
        -: 1608:                /* fixing problems with signed overflow on unsigned numbers */
    #####: 1609:                if ((style & UNITY_DISPLAY_RANGE_INT) == UNITY_DISPLAY_RANGE_INT)
        -: 1610:                {
[...]
        -: 2399:            /* print ANSI escape code */
        -: 2400:            else if ((*pch == 27) && (*(pch + 1) == '['))
        -: 2401:            {
        -: 2402:                pch += UnityPrintAnsiEscapeString(pch);
        -: 2403:                continue;
        -: 2404:            }
        -: 2405:#endif
        -: 2406:            else if (*pch == '\n')
        -: 2407:            {
        -: 2408:                UNITY_PRINT_EOL();
        -: 2409:            }
        -: 2410:            else
        -: 2411:            {
        -: 2412:                UnityPrintChar(pch);
        -: 2413:            }
        -: 2414:
        -: 2415:            pch++;
        -: 2416:        }
        -: 2417:    }
        -: 2418:}
        -: 2419:
        -: 2420:void UnityPrintF(const UNITY_LINE_TYPE line, const char* format, ...)
        -: 2421:{
        -: 2422:    UnityTestResultsBegin(Unity.TestFile, line);
        -: 2423:    UnityPrint("INFO");
        -: 2424:    if(format != NULL)
        -: 2425:    {
        -: 2426:        UnityPrint(": ");
        -: 2427:        va_list va;
        -: 2428:        va_start(va, format);
        -: 2429:        UnityPrintFVA(format, va);
        -: 2430:        va_end(va);
        -: 2431:    }
        -: 2432:    UNITY_PRINT_EOL();
        -: 2433:}
        -: 2434:#endif /* ! UNITY_INCLUDE_PRINT_FORMATTED */
        -: 2435:
        -: 2436:
        -: 2437:/*-----------------------------------------------
        -: 2438: * Control Functions
        -: 2439: *-----------------------------------------------*/
        -: 2440:
        -: 2441:/*-----------------------------------------------*/
    #####: 2442:void UnityFail(const char* msg, const UNITY_LINE_TYPE line)
        -: 2443:{
    #####: 2444:    RETURN_IF_FAIL_OR_IGNORE;
        -: 2445:
    #####: 2446:    UnityTestResultsBegin(Unity.TestFile, line);
    #####: 2447:    UnityPrint(UnityStrFail);
    #####: 2448:    UnityAddMsgIfSpecified(msg);
        -: 2449:
    #####: 2450:    UNITY_FAIL_AND_BAIL;
        -: 2451:}
        -: 2452:
        -: 2453:/*-----------------------------------------------*/
    #####: 2454:void UnityIgnore(const char* msg, const UNITY_LINE_TYPE line)
        -: 2455:{
    #####: 2456:    RETURN_IF_FAIL_OR_IGNORE;
        -: 2457:
    #####: 2458:    UnityTestResultsBegin(Unity.TestFile, line);
    #####: 2459:    UnityPrint(UnityStrIgnore);
    #####: 2460:    if (msg != NULL)
        -: 2461:    {
    #####: 2462:        UNITY_OUTPUT_CHAR(':');
    #####: 2463:        UNITY_OUTPUT_CHAR(' ');
    #####: 2464:        UnityPrint(msg);
        -: 2465:    }
    #####: 2466:    UNITY_IGNORE_AND_BAIL;
        -: 2467:}
        -: 2468:
        -: 2469:/*-----------------------------------------------*/
    #####: 2470:void UnityMessage(const char* msg, const UNITY_LINE_TYPE line)
        -: 2471:{
    #####: 2472:    UnityTestResultsBegin(Unity.TestFile, line);
    #####: 2473:    UnityPrint("INFO");
    #####: 2474:    if (msg != NULL)
        -: 2475:    {
    #####: 2476:      UNITY_OUTPUT_CHAR(':');
    #####: 2477:      UNITY_OUTPUT_CHAR(' ');
    #####: 2478:      UnityPrint(msg);
        -: 2479:    }
    #####: 2480:    UNITY_PRINT_EOL();
    #####: 2481:}
        -: 2482:
        -: 2483:/*-----------------------------------------------*/
        -: 2484:/* If we have not defined our own test runner, then include our default test runner to make life easier */
        -: 2485:#ifndef UNITY_SKIP_DEFAULT_RUNNER
        4: 2486:void UnityDefaultTestRun(UnityTestFunction Func, const char* FuncName, const int FuncLineNum)
        -: 2487:{
        4: 2488:    Unity.CurrentTestName = FuncName;
        4: 2489:    Unity.CurrentTestLineNumber = (UNITY_LINE_TYPE)FuncLineNum;
        4: 2490:    Unity.NumberOfTests++;
        -: 2491:    #ifndef UNITY_EXCLUDE_DETAILS
        -: 2492:    #ifdef UNITY_DETAIL_STACK_SIZE
        -: 2493:    Unity.CurrentDetailStackSize = 0;
        -: 2494:    #else
        4: 2495:    UNITY_CLR_DETAILS();
        -: 2496:    #endif
        -: 2497:    #endif
        -: 2498:    UNITY_EXEC_TIME_START();
        4: 2499:    if (TEST_PROTECT())
        -: 2500:    {
        4: 2501:        setUp();
        4: 2502:        Func();
        -: 2503:    }
        4: 2504:    if (TEST_PROTECT())
        -: 2505:    {
        4: 2506:        tearDown();
        -: 2507:    }
        -: 2508:    UNITY_EXEC_TIME_STOP();
        4: 2509:    UnityConcludeTest();
        4: 2510:}
        -: 2511:#endif
        -: 2512:
        -: 2513:/*-----------------------------------------------*/
    #####: 2514:void UnitySetTestFile(const char* filename)
        -: 2515:{
    #####: 2516:    Unity.TestFile = filename;
    #####: 2517:}
        -: 2518:
        -: 2519:/*-----------------------------------------------*/
        1: 2520:void UnityBegin(const char* filename)
        -: 2521:{
        1: 2522:    Unity.TestFile = filename;
        1: 2523:    Unity.CurrentTestName = NULL;
        1: 2524:    Unity.CurrentTestLineNumber = 0;
        1: 2525:    Unity.NumberOfTests = 0;
        1: 2526:    Unity.TestFailures = 0;
        1: 2527:    Unity.TestIgnores = 0;
        1: 2528:    Unity.CurrentTestFailed = 0;
        1: 2529:    Unity.CurrentTestIgnored = 0;
        -: 2530:
        1: 2531:    UNITY_CLR_DETAILS();
        -: 2532:    UNITY_OUTPUT_START();
        1: 2533:}
        -: 2534:
        -: 2535:/*-----------------------------------------------*/
        1: 2536:int UnityEnd(void)
        -: 2537:{
        1: 2538:    UNITY_PRINT_EOL();
        1: 2539:    UnityPrint(UnityStrBreaker);
        1: 2540:    UNITY_PRINT_EOL();
        1: 2541:    UnityPrintNumber((UNITY_INT)(Unity.NumberOfTests));
        1: 2542:    UnityPrint(UnityStrResultsTests);
        1: 2543:    UnityPrintNumber((UNITY_INT)(Unity.TestFailures));
        1: 2544:    UnityPrint(UnityStrResultsFailures);
        1: 2545:    UnityPrintNumber((UNITY_INT)(Unity.TestIgnores));
        1: 2546:    UnityPrint(UnityStrResultsIgnored);
        1: 2547:    UNITY_PRINT_EOL();
        1: 2548:    if (Unity.TestFailures == 0U)
        -: 2549:    {
        1: 2550:        UnityPrint(UnityStrOk);
        -: 2551:    }
        -: 2552:    else
        -: 2553:    {
    #####: 2554:        UnityPrint(UnityStrFail);
        -: 2555:#ifdef UNITY_DIFFERENTIATE_FINAL_FAIL
        -: 2556:        UNITY_OUTPUT_CHAR('E'); UNITY_OUTPUT_CHAR('D');
        -: 2557:#endif
        -: 2558:    }
        1: 2559:    UNITY_PRINT_EOL();
        -: 2560:    UNITY_FLUSH_CALL();
        -: 2561:    UNITY_OUTPUT_COMPLETE();
        1: 2562:    return (int)(Unity.TestFailures);
        -: 2563:}
        -: 2564:
        -: 2565:/*-----------------------------------------------
        -: 2566: * Details Stack
        -: 2567: *-----------------------------------------------*/
        -: 2568:#ifndef UNITY_EXCLUDE_DETAILS
        -: 2569:#ifdef UNITY_DETAIL_STACK_SIZE
        -: 2570:void UnityPushDetail(UNITY_DETAIL_LABEL_TYPE label, UNITY_DETAIL_VALUE_TYPE value, const UNITY_LINE_TYPE line) {
        -: 2571:    if (Unity.CurrentDetailStackSize >= UNITY_DETAIL_STACK_SIZE) {
        -: 2572:        UnityTestResultsFailBegin(line);
        -: 2573:        UnityPrint(UnityStrErrDetailStackFull);
        -: 2574:        UnityAddMsgIfSpecified(NULL);
        -: 2575:        UNITY_FAIL_AND_BAIL;
        -: 2576:    }
        -: 2577:    if (label >= UnityStrDetailLabelsCount) {
        -: 2578:        UnityTestResultsFailBegin(line);
        -: 2579:        UnityPrint(UnityStrErrDetailStackLabel);
        -: 2580:        UnityPrintNumberUnsigned(label);
        -: 2581:        UnityAddMsgIfSpecified(NULL);
        -: 2582:        UNITY_FAIL_AND_BAIL;
        -: 2583:    }
        -: 2584:    Unity.CurrentDetailStackLabels[Unity.CurrentDetailStackSize] = label;
        -: 2585:    Unity.CurrentDetailStackValues[Unity.CurrentDetailStackSize++] = value;
        -: 2586:}
        -: 2587:void UnityPopDetail(UNITY_DETAIL_LABEL_TYPE label, UNITY_DETAIL_VALUE_TYPE value, const UNITY_LINE_TYPE line) {
        -: 2588:    if (Unity.CurrentDetailStackSize == 0) {
        -: 2589:        UnityTestResultsFailBegin(line);
        -: 2590:        UnityPrint(UnityStrErrDetailStackEmpty);
        -: 2591:        UnityAddMsgIfSpecified(NULL);
        -: 2592:        UNITY_FAIL_AND_BAIL;
        -: 2593:    }
        -: 2594:    if ((Unity.CurrentDetailStackLabels[Unity.CurrentDetailStackSize-1] != label) || (Unity.CurrentDetailStackValues[Unity.CurrentDetailStackSize-1] != value)) {
        -: 2595:        UnityTestResultsFailBegin(line);
        -: 2596:        UnityPrint(UnityStrErrDetailStackPop);
        -: 2597:        UnityAddMsgIfSpecified(NULL);
        -: 2598:        UNITY_FAIL_AND_BAIL;
        -: 2599:    }   
        -: 2600:    Unity.CurrentDetailStackSize--;
        -: 2601:}
        -: 2602:#endif
        -: 2603:#endif
        -: 2604:
        -: 2605:/*-----------------------------------------------
        -: 2606: * Command Line Argument Support
        -: 2607: *-----------------------------------------------*/
        -: 2608:#ifdef UNITY_USE_COMMAND_LINE_ARGS
        -: 2609:
        -: 2610:char* UnityOptionIncludeNamed = NULL;
        -: 2611:char* UnityOptionExcludeNamed = NULL;
        -: 2612:int UnityVerbosity            = 1;
        -: 2613:int UnityStrictMatch          = 0;
        -: 2614:
        -: 2615:/*-----------------------------------------------*/
        -: 2616:int UnityParseOptions(int argc, char** argv)
        -: 2617:{
        -: 2618:    int i;
        -: 2619:    UnityOptionIncludeNamed = NULL;
        -: 2620:    UnityOptionExcludeNamed = NULL;
        -: 2621:    UnityStrictMatch = 0;
        -: 2622:
        -: 2623:    for (i = 1; i < argc; i++)
        -: 2624:    {
        -: 2625:        if (argv[i][0] == '-')
        -: 2626:        {
        -: 2627:            switch (argv[i][1])
        -: 2628:            {
        -: 2629:                case 'l': /* list tests */
        -: 2630:                    return -1;
        -: 2631:                case 'n': /* include tests with name including this string */
        -: 2632:                case 'f': /* an alias for -n */
        -: 2633:                    UnityStrictMatch = (argv[i][1] == 'n'); /* strictly match this string if -n */
        -: 2634:                    if (argv[i][2] == '=')
        -: 2635:                    {
        -: 2636:                        UnityOptionIncludeNamed = &argv[i][3];
        -: 2637:                    }
        -: 2638:                    else if (++i < argc)
        -: 2639:                    {
        -: 2640:                        UnityOptionIncludeNamed = argv[i];
        -: 2641:                    }
        -: 2642:                    else
        -: 2643:                    {
        -: 2644:                        UnityPrint("ERROR: No Test String to Include Matches For");
        -: 2645:                        UNITY_PRINT_EOL();
        -: 2646:                        return 1;
        -: 2647:                    }
        -: 2648:                    break;
        -: 2649:                case 'q': /* quiet */
        -: 2650:                    UnityVerbosity = 0;
        -: 2651:                    break;
        -: 2652:                case 'v': /* verbose */
        -: 2653:                    UnityVerbosity = 2;
        -: 2654:                    break;
        -: 2655:                case 'x': /* exclude tests with name including this string */
        -: 2656:                    if (argv[i][2] == '=')
        -: 2657:                    {
        -: 2658:                        UnityOptionExcludeNamed = &argv[i][3];
        -: 2659:                    }
        -: 2660:                    else if (++i < argc)
        -: 2661:                    {
        -: 2662:                        UnityOptionExcludeNamed = argv[i];
        -: 2663:                    }
        -: 2664:                    else
        -: 2665:                    {
        -: 2666:                        UnityPrint("ERROR: No Test String to Exclude Matches For");
        -: 2667:                        UNITY_PRINT_EOL();
        -: 2668:                        return 1;
        -: 2669:                    }
        -: 2670:                    break;
        -: 2671:                default:
        -: 2672:                    UnityPrint("ERROR: Unknown Option ");
        -: 2673:                    UNITY_OUTPUT_CHAR(argv[i][1]);
        -: 2674:                    UNITY_PRINT_EOL();
        -: 2675:                    /* Now display help */
        -: 2676:                    /* FALLTHRU */
        -: 2677:                case 'h':
        -: 2678:                    UnityPrint("Options: "); UNITY_PRINT_EOL();
        -: 2679:                    UnityPrint("-l        List all tests and exit"); UNITY_PRINT_EOL();
        -: 2680:                    UnityPrint("-f NAME   Filter to run only tests whose name includes NAME"); UNITY_PRINT_EOL();
        -: 2681:                    UnityPrint("-n NAME   Run only the test named NAME"); UNITY_PRINT_EOL();
        -: 2682:                    UnityPrint("-h        show this Help menu"); UNITY_PRINT_EOL();
        -: 2683:                    UnityPrint("-q        Quiet/decrease verbosity"); UNITY_PRINT_EOL();
        -: 2684:                    UnityPrint("-v        increase Verbosity"); UNITY_PRINT_EOL();
        -: 2685:                    UnityPrint("-x NAME   eXclude tests whose name includes NAME"); UNITY_PRINT_EOL();
        -: 2686:                    UNITY_OUTPUT_FLUSH();
        -: 2687:                    return 1;
        -: 2688:            }
        -: 2689:        }
        -: 2690:    }
        -: 2691:
        -: 2692:    return 0;
        -: 2693:}
        -: 2694:
        -: 2695:/*-----------------------------------------------*/
        -: 2696:static int IsStringInBiggerString(const char* longstring, const char* shortstring)
        -: 2697:{
        -: 2698:    const char* lptr = longstring;
        -: 2699:    const char* sptr = shortstring;
        -: 2700:    const char* lnext = lptr;
        -: 2701:
        -: 2702:    if (*sptr == '*')
        -: 2703:    {
        -: 2704:        return UnityStrictMatch ? 0 : 1;
        -: 2705:    }
        -: 2706:
        -: 2707:    while (*lptr)
        -: 2708:    {
        -: 2709:        lnext = lptr + 1;
        -: 2710:
        -: 2711:        /* If they current bytes match, go on to the next bytes */
        -: 2712:        while (*lptr && *sptr && (*lptr == *sptr))
        -: 2713:        {
        -: 2714:            lptr++;
        -: 2715:            sptr++;
        -: 2716:
        -: 2717:            switch (*sptr)
        -: 2718:            {
        -: 2719:                case '*': /* we encountered a wild-card */
        -: 2720:                    return UnityStrictMatch ? 0 : 1;
        -: 2721:
        -: 2722:                case ',': /* we encountered the end of match string */
        -: 2723:                case '"':
        -: 2724:                case '\'':
        -: 2725:                case 0:
        -: 2726:                    return (!UnityStrictMatch || (*lptr == 0)) ? 1 : 0;
        -: 2727:
        -: 2728:                case ':': /* we encountered the end of a partial match */
        -: 2729:                    return 2;
        -: 2730:
        -: 2731:                default:
        -: 2732:                    break;
        -: 2733:            }
        -: 2734:        }
        -: 2735:
        -: 2736:        /* If we didn't match and we're on strict matching, we already know we failed */
        -: 2737:        if (UnityStrictMatch)
        -: 2738:        {
        -: 2739:            return 0;
        -: 2740:        }
        -: 2741:
        -: 2742:        /* Otherwise we start in the long pointer 1 character further and try again */
        -: 2743:        lptr = lnext;
        -: 2744:        sptr = shortstring;
        -: 2745:    }
        -: 2746:
        -: 2747:    return 0;
        -: 2748:}
        -: 2749:
        -: 2750:/*-----------------------------------------------*/
        -: 2751:static int UnityStringArgumentMatches(const char* str)
        -: 2752:{
        -: 2753:    int retval;
        -: 2754:    const char* ptr1;
        -: 2755:    const char* ptr2;
        -: 2756:    const char* ptrf;
        -: 2757:
        -: 2758:    /* Go through the options and get the substrings for matching one at a time */
        -: 2759:    ptr1 = str;
        -: 2760:    while (ptr1[0] != 0)
        -: 2761:    {
        -: 2762:        if ((ptr1[0] == '"') || (ptr1[0] == '\''))
        -: 2763:        {
        -: 2764:            ptr1++;
        -: 2765:        }
        -: 2766:
        -: 2767:        /* look for the start of the next partial */
        -: 2768:        ptr2 = ptr1;
        -: 2769:        ptrf = 0;
        -: 2770:        do
        -: 2771:        {
        -: 2772:            ptr2++;
        -: 2773:            if ((ptr2[0] == ':') && (ptr2[1] != 0) && (ptr2[0] != '\'') && (ptr2[0] != '"') && (ptr2[0] != ','))
        -: 2774:            {
        -: 2775:                ptrf = &ptr2[1];
        -: 2776:            }
        -: 2777:        } while ((ptr2[0] != 0) && (ptr2[0] != '\'') && (ptr2[0] != '"') && (ptr2[0] != ','));
        -: 2778:
        -: 2779:        while ((ptr2[0] != 0) && ((ptr2[0] == ':') || (ptr2[0] == '\'') || (ptr2[0] == '"') || (ptr2[0] == ',')))
        -: 2780:        {
        -: 2781:            ptr2++;
        -: 2782:        }
        -: 2783:
        -: 2784:        /* done if complete filename match */
        -: 2785:        retval = IsStringInBiggerString(Unity.TestFile, ptr1);
        -: 2786:        if (retval == 1)
        -: 2787:        {
        -: 2788:            return retval;
        -: 2789:        }
        -: 2790:
        -: 2791:        /* done if testname match after filename partial match */
        -: 2792:        if ((retval == 2) && (ptrf != 0))
        -: 2793:        {
        -: 2794:            if (IsStringInBiggerString(Unity.CurrentTestName, ptrf))
        -: 2795:            {
        -: 2796:                return 1;
        -: 2797:            }
        -: 2798:        }
        -: 2799:
        -: 2800:        /* done if complete testname match */
        -: 2801:        if (IsStringInBiggerString(Unity.CurrentTestName, ptr1) == 1)
        -: 2802:        {
        -: 2803:            return 1;
        -: 2804:        }
        -: 2805:
        -: 2806:        ptr1 = ptr2;
        -: 2807:    }
        -: 2808:
        -: 2809:    /* we couldn't find a match for any substrings */
        -: 2810:    return 0;
        -: 2811:}
        -: 2812:
        -: 2813:/*-----------------------------------------------*/
        -: 2814:int UnityTestMatches(void)
        -: 2815:{
        -: 2816:    /* Check if this test name matches the included test pattern */
        -: 2817:    int retval;
        -: 2818:    if (UnityOptionIncludeNamed)
        -: 2819:    {
        -: 2820:        retval = UnityStringArgumentMatches(UnityOptionIncludeNamed);
        -: 2821:    }
        -: 2822:    else
        -: 2823:    {
        -: 2824:        retval = 1;
        -: 2825:    }
        -: 2826:
        -: 2827:    /* Check if this test name matches the excluded test pattern */
        -: 2828:    if (UnityOptionExcludeNamed)
        -: 2829:    {
        -: 2830:        if (UnityStringArgumentMatches(UnityOptionExcludeNamed))
        -: 2831:        {
        -: 2832:            retval = 0;
        -: 2833:        }
        -: 2834:    }
        -: 2835:
        -: 2836:    return retval;
        -: 2837:}
        -: 2838:
        -: 2839:#endif /* UNITY_USE_COMMAND_LINE_ARGS */
        -: 2840:/*-----------------------------------------------*/
